{"/home/travis/build/npmtest/node-npmtest-gulp-tsc/test.js":{"path":"/home/travis/build/npmtest/node-npmtest-gulp-tsc/test.js","s":{"1":2,"2":2,"3":2,"4":2,"5":2,"6":2,"7":2,"8":1,"9":2,"10":2,"11":1,"12":1,"13":1,"14":1,"15":2,"16":2,"17":2,"18":2,"19":1,"20":1,"21":2,"22":2,"23":2,"24":1,"25":1,"26":1,"27":1,"28":1,"29":1,"30":1,"31":1,"32":1,"33":1,"34":1,"35":1,"36":1,"37":1,"38":1,"39":2,"40":2,"41":1,"42":2,"43":2,"44":1,"45":2,"46":2,"47":1,"48":2,"49":2,"50":1,"51":1,"52":1,"53":1,"54":1},"b":{"1":[2,1,1,1],"2":[1,1,1,1],"3":[1,1],"4":[1,1],"5":[1,1],"6":[1,1],"7":[1,1],"8":[1,1],"9":[1,1],"10":[1,1,1],"11":[1,1],"12":[1,1],"13":[1,1],"14":[1,1],"15":[1,1],"16":[1,1],"17":[1,1]},"f":{"1":2,"2":2,"3":2,"4":2,"5":2,"6":1,"7":1,"8":1,"9":2,"10":2,"11":2,"12":2,"13":1},"fnMap":{"1":{"name":"(anonymous_1)","line":12,"loc":{"start":{"line":12,"column":1},"end":{"line":12,"column":13}}},"2":{"name":"(anonymous_2)","line":19,"loc":{"start":{"line":19,"column":5},"end":{"line":19,"column":17}}},"3":{"name":"(anonymous_3)","line":23,"loc":{"start":{"line":23,"column":24},"end":{"line":23,"column":36}}},"4":{"name":"(anonymous_4)","line":61,"loc":{"start":{"line":61,"column":5},"end":{"line":61,"column":17}}},"5":{"name":"(anonymous_5)","line":82,"loc":{"start":{"line":82,"column":5},"end":{"line":82,"column":17}}},"6":{"name":"(anonymous_6)","line":91,"loc":{"start":{"line":91,"column":77},"end":{"line":94,"column":10}}},"7":{"name":"(anonymous_7)","line":112,"loc":{"start":{"line":112,"column":83},"end":{"line":115,"column":10}},"skip":true},"8":{"name":"(anonymous_8)","line":123,"loc":{"start":{"line":123,"column":77},"end":{"line":126,"column":10}},"skip":true},"9":{"name":"(anonymous_9)","line":139,"loc":{"start":{"line":139,"column":12},"end":{"line":139,"column":40}},"skip":true},"10":{"name":"(anonymous_10)","line":147,"loc":{"start":{"line":147,"column":77},"end":{"line":150,"column":10}},"skip":true},"11":{"name":"(anonymous_11)","line":158,"loc":{"start":{"line":158,"column":83},"end":{"line":161,"column":10}},"skip":true},"12":{"name":"(anonymous_12)","line":169,"loc":{"start":{"line":169,"column":79},"end":{"line":172,"column":10}},"skip":true},"13":{"name":"(anonymous_13)","line":180,"loc":{"start":{"line":180,"column":75},"end":{"line":183,"column":10}},"skip":true}},"statementMap":{"1":{"start":{"line":12,"column":0},"end":{"line":195,"column":5}},"2":{"start":{"line":14,"column":4},"end":{"line":14,"column":14}},"3":{"start":{"line":19,"column":4},"end":{"line":56,"column":9}},"4":{"start":{"line":21,"column":8},"end":{"line":21,"column":19}},"5":{"start":{"line":23,"column":8},"end":{"line":35,"column":13}},"6":{"start":{"line":24,"column":12},"end":{"line":34,"column":13}},"7":{"start":{"line":25,"column":16},"end":{"line":28,"column":30}},"8":{"start":{"line":30,"column":16},"end":{"line":33,"column":27}},"9":{"start":{"line":37,"column":8},"end":{"line":39,"column":21}},"10":{"start":{"line":40,"column":8},"end":{"line":53,"column":9}},"11":{"start":{"line":43,"column":12},"end":{"line":46,"column":14}},"12":{"start":{"line":47,"column":12},"end":{"line":47,"column":18}},"13":{"start":{"line":50,"column":12},"end":{"line":51,"column":33}},"14":{"start":{"line":52,"column":12},"end":{"line":52,"column":18}},"15":{"start":{"line":55,"column":8},"end":{"line":55,"column":35}},"16":{"start":{"line":61,"column":4},"end":{"line":63,"column":9}},"17":{"start":{"line":62,"column":8},"end":{"line":62,"column":15}},"18":{"start":{"line":64,"column":4},"end":{"line":77,"column":5}},"19":{"start":{"line":70,"column":8},"end":{"line":70,"column":14}},"20":{"start":{"line":76,"column":8},"end":{"line":76,"column":14}},"21":{"start":{"line":82,"column":4},"end":{"line":84,"column":9}},"22":{"start":{"line":83,"column":8},"end":{"line":83,"column":15}},"23":{"start":{"line":85,"column":4},"end":{"line":194,"column":5}},"24":{"start":{"line":91,"column":8},"end":{"line":99,"column":10}},"25":{"start":{"line":98,"column":12},"end":{"line":98,"column":35}},"26":{"start":{"line":102,"column":8},"end":{"line":104,"column":63}},"27":{"start":{"line":105,"column":8},"end":{"line":105,"column":14}},"28":{"start":{"line":112,"column":8},"end":{"line":121,"column":10},"skip":true},"29":{"start":{"line":119,"column":12},"end":{"line":119,"column":55},"skip":true},"30":{"start":{"line":120,"column":12},"end":{"line":120,"column":48},"skip":true},"31":{"start":{"line":123,"column":8},"end":{"line":136,"column":10},"skip":true},"32":{"start":{"line":130,"column":12},"end":{"line":130,"column":76},"skip":true},"33":{"start":{"line":131,"column":12},"end":{"line":131,"column":73},"skip":true},"34":{"start":{"line":132,"column":12},"end":{"line":132,"column":74},"skip":true},"35":{"start":{"line":133,"column":12},"end":{"line":133,"column":79},"skip":true},"36":{"start":{"line":134,"column":12},"end":{"line":134,"column":25},"skip":true},"37":{"start":{"line":135,"column":12},"end":{"line":135,"column":45},"skip":true},"38":{"start":{"line":138,"column":8},"end":{"line":145,"column":14},"skip":true},"39":{"start":{"line":143,"column":16},"end":{"line":143,"column":29},"skip":true},"40":{"start":{"line":144,"column":16},"end":{"line":144,"column":55},"skip":true},"41":{"start":{"line":147,"column":8},"end":{"line":156,"column":10},"skip":true},"42":{"start":{"line":154,"column":12},"end":{"line":154,"column":25},"skip":true},"43":{"start":{"line":155,"column":12},"end":{"line":155,"column":45},"skip":true},"44":{"start":{"line":158,"column":8},"end":{"line":167,"column":10},"skip":true},"45":{"start":{"line":165,"column":12},"end":{"line":165,"column":25},"skip":true},"46":{"start":{"line":166,"column":12},"end":{"line":166,"column":48},"skip":true},"47":{"start":{"line":169,"column":8},"end":{"line":178,"column":10},"skip":true},"48":{"start":{"line":176,"column":12},"end":{"line":176,"column":25},"skip":true},"49":{"start":{"line":177,"column":12},"end":{"line":177,"column":46},"skip":true},"50":{"start":{"line":180,"column":8},"end":{"line":189,"column":10},"skip":true},"51":{"start":{"line":187,"column":12},"end":{"line":187,"column":94},"skip":true},"52":{"start":{"line":188,"column":12},"end":{"line":188,"column":48},"skip":true},"53":{"start":{"line":192,"column":8},"end":{"line":192,"column":35},"skip":true},"54":{"start":{"line":193,"column":8},"end":{"line":193,"column":14},"skip":true}},"branchMap":{"1":{"line":25,"type":"binary-expr","locations":[{"start":{"line":25,"column":23},"end":{"line":25,"column":62}},{"start":{"line":26,"column":20},"end":{"line":26,"column":70}},{"start":{"line":27,"column":20},"end":{"line":27,"column":71}},{"start":{"line":28,"column":20},"end":{"line":28,"column":29}}]},"2":{"line":30,"type":"binary-expr","locations":[{"start":{"line":30,"column":23},"end":{"line":30,"column":37}},{"start":{"line":31,"column":20},"end":{"line":31,"column":61}},{"start":{"line":32,"column":20},"end":{"line":32,"column":70}},{"start":{"line":33,"column":20},"end":{"line":33,"column":26}}]},"3":{"line":37,"type":"cond-expr","locations":[{"start":{"line":38,"column":14},"end":{"line":38,"column":20}},{"start":{"line":39,"column":14},"end":{"line":39,"column":20}}]},"4":{"line":40,"type":"switch","locations":[{"start":{"line":42,"column":8},"end":{"line":47,"column":18}},{"start":{"line":49,"column":8},"end":{"line":52,"column":18}}]},"5":{"line":44,"type":"binary-expr","locations":[{"start":{"line":44,"column":16},"end":{"line":44,"column":44}},{"start":{"line":44,"column":48},"end":{"line":44,"column":66}}]},"6":{"line":50,"type":"binary-expr","locations":[{"start":{"line":50,"column":21},"end":{"line":50,"column":49}},{"start":{"line":50,"column":53},"end":{"line":50,"column":72}}]},"7":{"line":64,"type":"switch","locations":[{"start":{"line":69,"column":4},"end":{"line":70,"column":14}},{"start":{"line":75,"column":4},"end":{"line":76,"column":14}}]},"8":{"line":85,"type":"switch","locations":[{"start":{"line":90,"column":4},"end":{"line":105,"column":14}},{"start":{"line":111,"column":4},"end":{"line":193,"column":14},"skip":true}]},"9":{"line":91,"type":"binary-expr","locations":[{"start":{"line":91,"column":42},"end":{"line":91,"column":73}},{"start":{"line":91,"column":77},"end":{"line":99,"column":9}}]},"10":{"line":102,"type":"binary-expr","locations":[{"start":{"line":102,"column":18},"end":{"line":102,"column":32}},{"start":{"line":103,"column":12},"end":{"line":103,"column":53}},{"start":{"line":104,"column":12},"end":{"line":104,"column":61}}]},"11":{"line":112,"type":"binary-expr","locations":[{"start":{"line":112,"column":45},"end":{"line":112,"column":79},"skip":true},{"start":{"line":112,"column":83},"end":{"line":121,"column":9},"skip":true}]},"12":{"line":123,"type":"binary-expr","locations":[{"start":{"line":123,"column":42},"end":{"line":123,"column":73},"skip":true},{"start":{"line":123,"column":77},"end":{"line":136,"column":9},"skip":true}]},"13":{"line":138,"type":"binary-expr","locations":[{"start":{"line":138,"column":48},"end":{"line":138,"column":85},"skip":true},{"start":{"line":139,"column":12},"end":{"line":145,"column":13},"skip":true}]},"14":{"line":147,"type":"binary-expr","locations":[{"start":{"line":147,"column":42},"end":{"line":147,"column":73},"skip":true},{"start":{"line":147,"column":77},"end":{"line":156,"column":9},"skip":true}]},"15":{"line":158,"type":"binary-expr","locations":[{"start":{"line":158,"column":45},"end":{"line":158,"column":79},"skip":true},{"start":{"line":158,"column":83},"end":{"line":167,"column":9},"skip":true}]},"16":{"line":169,"type":"binary-expr","locations":[{"start":{"line":169,"column":43},"end":{"line":169,"column":75},"skip":true},{"start":{"line":169,"column":79},"end":{"line":178,"column":9},"skip":true}]},"17":{"line":180,"type":"binary-expr","locations":[{"start":{"line":180,"column":41},"end":{"line":180,"column":71},"skip":true},{"start":{"line":180,"column":75},"end":{"line":189,"column":9},"skip":true}]}},"code":["/* istanbul instrument in package npmtest_gulp_tsc */","/*jslint","    bitwise: true,","    browser: true,","    maxerr: 8,","    maxlen: 96,","    node: true,","    nomen: true,","    regexp: true,","    stupid: true","*/","(function () {","    'use strict';","    var local;","","","","    // run shared js-env code - pre-init","    (function () {","        // init local","        local = {};","        // init modeJs","        local.modeJs = (function () {","            try {","                return typeof navigator.userAgent === 'string' &&","                    typeof document.querySelector('body') === 'object' &&","                    typeof XMLHttpRequest.prototype.open === 'function' &&","                    'browser';","            } catch (errorCaughtBrowser) {","                return module.exports &&","                    typeof process.versions.node === 'string' &&","                    typeof require('http').createServer === 'function' &&","                    'node';","            }","        }());","        // init global","        local.global = local.modeJs === 'browser'","            ? window","            : global;","        switch (local.modeJs) {","        // re-init local from window.local","        case 'browser':","            local = local.global.utility2.objectSetDefault(","                local.global.utility2_rollup || local.global.local,","                local.global.utility2","            );","            break;","        // re-init local from example.js","        case 'node':","            local = (local.global.utility2_rollup || require('utility2'))","                .requireReadme();","            break;","        }","        // export local","        local.global.local = local;","    }());","","","","    // run shared js-env code - function","    (function () {","        return;","    }());","    switch (local.modeJs) {","","","","    // run browser js-env code - function","    case 'browser':","        break;","","","","    // run node js-env code - function","    case 'node':","        break;","    }","","","","    // run shared js-env code - post-init","    (function () {","        return;","    }());","    switch (local.modeJs) {","","","","    // run browser js-env code - post-init","    case 'browser':","        local.testCase_browser_nullCase = local.testCase_browser_nullCase || function (","            options,","            onError","        ) {","        /*","         * this function will test browsers's null-case handling-behavior-behavior","         */","            onError(null, options);","        };","","        // run tests","        local.nop(local.modeTest &&","            document.querySelector('#testRunButton1') &&","            document.querySelector('#testRunButton1').click());","        break;","","","","    // run node js-env code - post-init","    /* istanbul ignore next */","    case 'node':","        local.testCase_buildApidoc_default = local.testCase_buildApidoc_default || function (","            options,","            onError","        ) {","        /*","         * this function will test buildApidoc's default handling-behavior-behavior","         */","            options = { modulePathList: module.paths };","            local.buildApidoc(options, onError);","        };","","        local.testCase_buildApp_default = local.testCase_buildApp_default || function (","            options,","            onError","        ) {","        /*","         * this function will test buildApp's default handling-behavior-behavior","         */","            local.testCase_buildReadme_default(options, local.onErrorThrow);","            local.testCase_buildLib_default(options, local.onErrorThrow);","            local.testCase_buildTest_default(options, local.onErrorThrow);","            local.testCase_buildCustomOrg_default(options, local.onErrorThrow);","            options = [];","            local.buildApp(options, onError);","        };","","        local.testCase_buildCustomOrg_default = local.testCase_buildCustomOrg_default ||","            function (options, onError) {","            /*","             * this function will test buildCustomOrg's default handling-behavior","             */","                options = {};","                local.buildCustomOrg(options, onError);","            };","","        local.testCase_buildLib_default = local.testCase_buildLib_default || function (","            options,","            onError","        ) {","        /*","         * this function will test buildLib's default handling-behavior","         */","            options = {};","            local.buildLib(options, onError);","        };","","        local.testCase_buildReadme_default = local.testCase_buildReadme_default || function (","            options,","            onError","        ) {","        /*","         * this function will test buildReadme's default handling-behavior-behavior","         */","            options = {};","            local.buildReadme(options, onError);","        };","","        local.testCase_buildTest_default = local.testCase_buildTest_default || function (","            options,","            onError","        ) {","        /*","         * this function will test buildTest's default handling-behavior","         */","            options = {};","            local.buildTest(options, onError);","        };","","        local.testCase_webpage_default = local.testCase_webpage_default || function (","            options,","            onError","        ) {","        /*","         * this function will test webpage's default handling-behavior","         */","            options = { modeCoverageMerge: true, url: local.serverLocalHost + '?modeTest=1' };","            local.browserTest(options, onError);","        };","","        // run test-server","        local.testRunServer(local);","        break;","    }","}());",""],"l":{"12":2,"14":2,"19":2,"21":2,"23":2,"24":2,"25":2,"30":1,"37":2,"40":2,"43":1,"47":1,"50":1,"52":1,"55":2,"61":2,"62":2,"64":2,"70":1,"76":1,"82":2,"83":2,"85":2,"91":1,"98":1,"102":1,"105":1,"112":1,"119":1,"120":1,"123":1,"130":1,"131":1,"132":1,"133":1,"134":1,"135":1,"138":1,"143":2,"144":2,"147":1,"154":2,"155":2,"158":1,"165":2,"166":2,"169":1,"176":2,"177":2,"180":1,"187":1,"188":1,"192":1,"193":1}},"/home/travis/build/npmtest/node-npmtest-gulp-tsc/lib.npmtest_gulp_tsc.js":{"path":"/home/travis/build/npmtest/node-npmtest-gulp-tsc/lib.npmtest_gulp_tsc.js","s":{"1":2,"2":2,"3":2,"4":2,"5":2,"6":2,"7":2,"8":1,"9":2,"10":2,"11":2,"12":2,"13":1,"14":1,"15":1,"16":1},"b":{"1":[2,1,1,1],"2":[1,1,1,1],"3":[1,1],"4":[2,2],"5":[1,1]},"f":{"1":2,"2":2,"3":2},"fnMap":{"1":{"name":"(anonymous_1)","line":12,"loc":{"start":{"line":12,"column":1},"end":{"line":12,"column":13}}},"2":{"name":"(anonymous_2)","line":19,"loc":{"start":{"line":19,"column":5},"end":{"line":19,"column":17}}},"3":{"name":"(anonymous_3)","line":23,"loc":{"start":{"line":23,"column":24},"end":{"line":23,"column":36}}}},"statementMap":{"1":{"start":{"line":12,"column":0},"end":{"line":53,"column":5}},"2":{"start":{"line":14,"column":4},"end":{"line":14,"column":14}},"3":{"start":{"line":19,"column":4},"end":{"line":52,"column":9}},"4":{"start":{"line":21,"column":8},"end":{"line":21,"column":19}},"5":{"start":{"line":23,"column":8},"end":{"line":35,"column":13}},"6":{"start":{"line":24,"column":12},"end":{"line":34,"column":13}},"7":{"start":{"line":25,"column":16},"end":{"line":28,"column":30}},"8":{"start":{"line":30,"column":16},"end":{"line":33,"column":27}},"9":{"start":{"line":37,"column":8},"end":{"line":39,"column":21}},"10":{"start":{"line":41,"column":8},"end":{"line":41,"column":54}},"11":{"start":{"line":43,"column":8},"end":{"line":43,"column":53}},"12":{"start":{"line":45,"column":8},"end":{"line":51,"column":9}},"13":{"start":{"line":46,"column":12},"end":{"line":46,"column":59}},"14":{"start":{"line":48,"column":12},"end":{"line":48,"column":35}},"15":{"start":{"line":49,"column":12},"end":{"line":49,"column":49}},"16":{"start":{"line":50,"column":12},"end":{"line":50,"column":43}}},"branchMap":{"1":{"line":25,"type":"binary-expr","locations":[{"start":{"line":25,"column":23},"end":{"line":25,"column":62}},{"start":{"line":26,"column":20},"end":{"line":26,"column":70}},{"start":{"line":27,"column":20},"end":{"line":27,"column":71}},{"start":{"line":28,"column":20},"end":{"line":28,"column":29}}]},"2":{"line":30,"type":"binary-expr","locations":[{"start":{"line":30,"column":23},"end":{"line":30,"column":37}},{"start":{"line":31,"column":20},"end":{"line":31,"column":61}},{"start":{"line":32,"column":20},"end":{"line":32,"column":70}},{"start":{"line":33,"column":20},"end":{"line":33,"column":26}}]},"3":{"line":37,"type":"cond-expr","locations":[{"start":{"line":38,"column":14},"end":{"line":38,"column":20}},{"start":{"line":39,"column":14},"end":{"line":39,"column":20}}]},"4":{"line":41,"type":"binary-expr","locations":[{"start":{"line":41,"column":16},"end":{"line":41,"column":44}},{"start":{"line":41,"column":48},"end":{"line":41,"column":53}}]},"5":{"line":45,"type":"if","locations":[{"start":{"line":45,"column":8},"end":{"line":45,"column":8}},{"start":{"line":45,"column":8},"end":{"line":45,"column":8}}]}},"code":["/* istanbul instrument in package npmtest_gulp_tsc */","/*jslint","    bitwise: true,","    browser: true,","    maxerr: 8,","    maxlen: 96,","    node: true,","    nomen: true,","    regexp: true,","    stupid: true","*/","(function () {","    'use strict';","    var local;","","","","    // run shared js-env code - pre-init","    (function () {","        // init local","        local = {};","        // init modeJs","        local.modeJs = (function () {","            try {","                return typeof navigator.userAgent === 'string' &&","                    typeof document.querySelector('body') === 'object' &&","                    typeof XMLHttpRequest.prototype.open === 'function' &&","                    'browser';","            } catch (errorCaughtBrowser) {","                return module.exports &&","                    typeof process.versions.node === 'string' &&","                    typeof require('http').createServer === 'function' &&","                    'node';","            }","        }());","        // init global","        local.global = local.modeJs === 'browser'","            ? window","            : global;","        // init utility2_rollup","        local = local.global.utility2_rollup || local;","        // init lib","        local.local = local.npmtest_gulp_tsc = local;","        // init exports","        if (local.modeJs === 'browser') {","            local.global.utility2_npmtest_gulp_tsc = local;","        } else {","            module.exports = local;","            module.exports.__dirname = __dirname;","            module.exports.module = module;","        }","    }());","}());",""],"l":{"12":2,"14":2,"19":2,"21":2,"23":2,"24":2,"25":2,"30":1,"37":2,"41":2,"43":2,"45":2,"46":1,"48":1,"49":1,"50":1}},"/home/travis/build/npmtest/node-npmtest-gulp-tsc/example.js":{"path":"/home/travis/build/npmtest/node-npmtest-gulp-tsc/example.js","s":{"1":2,"2":2,"3":2,"4":2,"5":2,"6":2,"7":2,"8":1,"9":2,"10":2,"11":2,"12":2,"13":1,"14":2,"15":2,"16":2,"17":2,"18":2,"19":0,"20":2,"21":1,"22":1,"23":1,"24":1,"25":1,"26":0,"27":0,"28":1,"29":1,"30":2,"31":0,"32":0,"33":0,"34":1,"35":2,"36":2,"37":3,"38":3,"39":3,"40":3,"41":0,"42":3,"43":3,"44":3,"45":1,"46":3,"47":1,"48":1,"49":1,"50":1,"51":1,"52":1,"53":1,"54":1,"55":1,"56":1,"57":0,"58":1,"59":6,"60":6,"61":1,"62":2,"63":0,"64":2,"65":1,"66":1,"67":0,"68":0,"69":0,"70":0,"71":0,"72":0,"73":0,"74":0,"75":0,"76":0,"77":0,"78":0,"79":0,"80":0,"81":0,"82":0,"83":0},"b":{"1":[2,1,1,1],"2":[1,1,1,1],"3":[1,1],"4":[2,2],"5":[1,1],"6":[1,1],"7":[2,0],"8":[2,1,1,1,1,1],"9":[0,2,0],"10":[1,1],"11":[2,1,1],"12":[1,0],"13":[0,2],"14":[2,0,0,0,0,0,0],"15":[0,3],"16":[3,0],"17":[1,1],"18":[0,1],"19":[1,2,0,2],"20":[1,0],"21":[1,1],"22":[0,0],"23":[0,0],"24":[0,0],"25":[0,0],"26":[0,0],"27":[0,0],"28":[0,0]},"f":{"1":2,"2":2,"3":2,"4":2,"5":2,"6":2,"7":3,"8":3,"9":3,"10":1,"11":6,"12":0},"fnMap":{"1":{"name":"(anonymous_1)","line":26,"loc":{"start":{"line":26,"column":1},"end":{"line":26,"column":13}}},"2":{"name":"(anonymous_2)","line":33,"loc":{"start":{"line":33,"column":5},"end":{"line":33,"column":17}}},"3":{"name":"(anonymous_3)","line":37,"loc":{"start":{"line":37,"column":24},"end":{"line":37,"column":36}}},"4":{"name":"(anonymous_4)","line":69,"loc":{"start":{"line":69,"column":31},"end":{"line":69,"column":48}},"skip":true},"5":{"name":"(anonymous_5)","line":78,"loc":{"start":{"line":78,"column":26},"end":{"line":78,"column":45}},"skip":true},"6":{"name":"(anonymous_6)","line":123,"loc":{"start":{"line":123,"column":33},"end":{"line":123,"column":48}},"skip":true},"7":{"name":"(anonymous_7)","line":125,"loc":{"start":{"line":125,"column":27},"end":{"line":125,"column":39}},"skip":true},"8":{"name":"(anonymous_8)","line":133,"loc":{"start":{"line":133,"column":59},"end":{"line":133,"column":74}},"skip":true},"9":{"name":"(anonymous_9)","line":143,"loc":{"start":{"line":143,"column":45},"end":{"line":143,"column":62}},"skip":true},"10":{"name":"(anonymous_10)","line":144,"loc":{"start":{"line":144,"column":73},"end":{"line":144,"column":92}},"skip":true},"11":{"name":"(anonymous_11)","line":272,"loc":{"start":{"line":272,"column":51},"end":{"line":272,"column":77}},"skip":true},"12":{"name":"(anonymous_12)","line":315,"loc":{"start":{"line":315,"column":32},"end":{"line":315,"column":61}},"skip":true}},"statementMap":{"1":{"start":{"line":26,"column":0},"end":{"line":326,"column":5}},"2":{"start":{"line":28,"column":4},"end":{"line":28,"column":14}},"3":{"start":{"line":33,"column":4},"end":{"line":60,"column":9}},"4":{"start":{"line":35,"column":8},"end":{"line":35,"column":19}},"5":{"start":{"line":37,"column":8},"end":{"line":49,"column":13}},"6":{"start":{"line":38,"column":12},"end":{"line":48,"column":13}},"7":{"start":{"line":39,"column":16},"end":{"line":42,"column":30}},"8":{"start":{"line":44,"column":16},"end":{"line":47,"column":27}},"9":{"start":{"line":51,"column":8},"end":{"line":53,"column":21}},"10":{"start":{"line":55,"column":8},"end":{"line":57,"column":45}},"11":{"start":{"line":59,"column":8},"end":{"line":59,"column":35}},"12":{"start":{"line":61,"column":4},"end":{"line":325,"column":5}},"13":{"start":{"line":69,"column":8},"end":{"line":121,"column":10},"skip":true},"14":{"start":{"line":70,"column":12},"end":{"line":88,"column":13},"skip":true},"15":{"start":{"line":76,"column":16},"end":{"line":87,"column":19},"skip":true},"16":{"start":{"line":79,"column":20},"end":{"line":86,"column":21},"skip":true},"17":{"start":{"line":82,"column":24},"end":{"line":82,"column":43},"skip":true},"18":{"start":{"line":83,"column":24},"end":{"line":83,"column":30},"skip":true},"19":{"start":{"line":85,"column":24},"end":{"line":85,"column":49},"skip":true},"20":{"start":{"line":89,"column":12},"end":{"line":107,"column":13},"skip":true},"21":{"start":{"line":92,"column":16},"end":{"line":102,"column":17},"skip":true},"22":{"start":{"line":93,"column":20},"end":{"line":93,"column":86},"skip":true},"23":{"start":{"line":94,"column":20},"end":{"line":95,"column":45},"skip":true},"24":{"start":{"line":96,"column":20},"end":{"line":96,"column":42},"skip":true},"25":{"start":{"line":97,"column":20},"end":{"line":97,"column":48},"skip":true},"26":{"start":{"line":100,"column":20},"end":{"line":100,"column":85},"skip":true},"27":{"start":{"line":101,"column":20},"end":{"line":101,"column":96},"skip":true},"28":{"start":{"line":103,"column":16},"end":{"line":103,"column":22},"skip":true},"29":{"start":{"line":106,"column":16},"end":{"line":106,"column":22},"skip":true},"30":{"start":{"line":108,"column":12},"end":{"line":120,"column":13},"skip":true},"31":{"start":{"line":114,"column":16},"end":{"line":119,"column":17},"skip":true},"32":{"start":{"line":116,"column":20},"end":{"line":116,"column":78},"skip":true},"33":{"start":{"line":118,"column":20},"end":{"line":118,"column":47},"skip":true},"34":{"start":{"line":123,"column":8},"end":{"line":141,"column":11},"skip":true},"35":{"start":{"line":124,"column":12},"end":{"line":124,"column":54},"skip":true},"36":{"start":{"line":125,"column":12},"end":{"line":140,"column":14},"skip":true},"37":{"start":{"line":126,"column":16},"end":{"line":126,"column":28},"skip":true},"38":{"start":{"line":127,"column":16},"end":{"line":127,"column":69},"skip":true},"39":{"start":{"line":128,"column":16},"end":{"line":128,"column":75},"skip":true},"40":{"start":{"line":129,"column":16},"end":{"line":131,"column":17},"skip":true},"41":{"start":{"line":130,"column":20},"end":{"line":130,"column":27},"skip":true},"42":{"start":{"line":133,"column":16},"end":{"line":137,"column":36},"skip":true},"43":{"start":{"line":134,"column":20},"end":{"line":136,"column":55},"skip":true},"44":{"start":{"line":139,"column":16},"end":{"line":139,"column":57},"skip":true},"45":{"start":{"line":143,"column":8},"end":{"line":147,"column":11},"skip":true},"46":{"start":{"line":144,"column":12},"end":{"line":146,"column":15},"skip":true},"47":{"start":{"line":145,"column":16},"end":{"line":145,"column":70},"skip":true},"48":{"start":{"line":149,"column":8},"end":{"line":149,"column":31},"skip":true},"49":{"start":{"line":150,"column":8},"end":{"line":150,"column":14},"skip":true},"50":{"start":{"line":158,"column":8},"end":{"line":158,"column":31},"skip":true},"51":{"start":{"line":160,"column":8},"end":{"line":160,"column":33},"skip":true},"52":{"start":{"line":161,"column":8},"end":{"line":161,"column":37},"skip":true},"53":{"start":{"line":162,"column":8},"end":{"line":162,"column":35},"skip":true},"54":{"start":{"line":164,"column":8},"end":{"line":164,"column":50},"skip":true},"55":{"start":{"line":166,"column":8},"end":{"line":256,"column":2},"skip":true},"56":{"start":{"line":258,"column":8},"end":{"line":286,"column":9},"skip":true},"57":{"start":{"line":259,"column":12},"end":{"line":269,"column":14},"skip":true},"58":{"start":{"line":271,"column":12},"end":{"line":285,"column":19},"skip":true},"59":{"start":{"line":274,"column":20},"end":{"line":274,"column":35},"skip":true},"60":{"start":{"line":275,"column":20},"end":{"line":284,"column":21},"skip":true},"61":{"start":{"line":277,"column":24},"end":{"line":277,"column":64},"skip":true},"62":{"start":{"line":279,"column":24},"end":{"line":279,"column":40},"skip":true},"63":{"start":{"line":281,"column":24},"end":{"line":281,"column":40},"skip":true},"64":{"start":{"line":283,"column":24},"end":{"line":283,"column":39},"skip":true},"65":{"start":{"line":288,"column":8},"end":{"line":290,"column":9},"skip":true},"66":{"start":{"line":289,"column":12},"end":{"line":289,"column":18},"skip":true},"67":{"start":{"line":291,"column":8},"end":{"line":293,"column":54},"skip":true},"68":{"start":{"line":296,"column":8},"end":{"line":301,"column":37},"skip":true},"69":{"start":{"line":303,"column":8},"end":{"line":303,"column":82},"skip":true},"70":{"start":{"line":306,"column":8},"end":{"line":308,"column":9},"skip":true},"71":{"start":{"line":307,"column":12},"end":{"line":307,"column":82},"skip":true},"72":{"start":{"line":310,"column":8},"end":{"line":312,"column":9},"skip":true},"73":{"start":{"line":311,"column":12},"end":{"line":311,"column":18},"skip":true},"74":{"start":{"line":313,"column":8},"end":{"line":313,"column":54},"skip":true},"75":{"start":{"line":314,"column":8},"end":{"line":314,"column":69},"skip":true},"76":{"start":{"line":315,"column":8},"end":{"line":323,"column":36},"skip":true},"77":{"start":{"line":316,"column":12},"end":{"line":316,"column":61},"skip":true},"78":{"start":{"line":317,"column":12},"end":{"line":320,"column":13},"skip":true},"79":{"start":{"line":318,"column":16},"end":{"line":318,"column":75},"skip":true},"80":{"start":{"line":319,"column":16},"end":{"line":319,"column":23},"skip":true},"81":{"start":{"line":321,"column":12},"end":{"line":321,"column":38},"skip":true},"82":{"start":{"line":322,"column":12},"end":{"line":322,"column":27},"skip":true},"83":{"start":{"line":324,"column":8},"end":{"line":324,"column":14},"skip":true}},"branchMap":{"1":{"line":39,"type":"binary-expr","locations":[{"start":{"line":39,"column":23},"end":{"line":39,"column":62}},{"start":{"line":40,"column":20},"end":{"line":40,"column":70}},{"start":{"line":41,"column":20},"end":{"line":41,"column":71}},{"start":{"line":42,"column":20},"end":{"line":42,"column":29}}]},"2":{"line":44,"type":"binary-expr","locations":[{"start":{"line":44,"column":23},"end":{"line":44,"column":37}},{"start":{"line":45,"column":20},"end":{"line":45,"column":61}},{"start":{"line":46,"column":20},"end":{"line":46,"column":70}},{"start":{"line":47,"column":20},"end":{"line":47,"column":26}}]},"3":{"line":51,"type":"cond-expr","locations":[{"start":{"line":52,"column":14},"end":{"line":52,"column":20}},{"start":{"line":53,"column":14},"end":{"line":53,"column":20}}]},"4":{"line":55,"type":"binary-expr","locations":[{"start":{"line":55,"column":16},"end":{"line":55,"column":44}},{"start":{"line":55,"column":49},"end":{"line":57,"column":43}}]},"5":{"line":55,"type":"cond-expr","locations":[{"start":{"line":56,"column":14},"end":{"line":56,"column":52}},{"start":{"line":57,"column":14},"end":{"line":57,"column":43}}]},"6":{"line":61,"type":"switch","locations":[{"start":{"line":68,"column":4},"end":{"line":150,"column":14},"skip":true},{"start":{"line":156,"column":4},"end":{"line":324,"column":14},"skip":true}]},"7":{"line":70,"type":"if","locations":[{"start":{"line":70,"column":12},"end":{"line":70,"column":12},"skip":true},{"start":{"line":70,"column":12},"end":{"line":70,"column":12},"skip":true}]},"8":{"line":70,"type":"binary-expr","locations":[{"start":{"line":70,"column":16},"end":{"line":70,"column":22},"skip":true},{"start":{"line":70,"column":27},"end":{"line":70,"column":32},"skip":true},{"start":{"line":71,"column":20},"end":{"line":71,"column":39},"skip":true},{"start":{"line":72,"column":20},"end":{"line":72,"column":49},"skip":true},{"start":{"line":73,"column":20},"end":{"line":73,"column":58},"skip":true},{"start":{"line":74,"column":20},"end":{"line":74,"column":69},"skip":true}]},"9":{"line":79,"type":"switch","locations":[{"start":{"line":80,"column":20},"end":{"line":80,"column":33},"skip":true},{"start":{"line":81,"column":20},"end":{"line":83,"column":30},"skip":true},{"start":{"line":84,"column":20},"end":{"line":85,"column":49},"skip":true}]},"10":{"line":89,"type":"switch","locations":[{"start":{"line":90,"column":12},"end":{"line":103,"column":22},"skip":true},{"start":{"line":105,"column":12},"end":{"line":106,"column":22},"skip":true}]},"11":{"line":89,"type":"binary-expr","locations":[{"start":{"line":89,"column":20},"end":{"line":89,"column":25},"skip":true},{"start":{"line":89,"column":29},"end":{"line":89,"column":48},"skip":true},{"start":{"line":89,"column":52},"end":{"line":89,"column":74},"skip":true}]},"12":{"line":92,"type":"if","locations":[{"start":{"line":92,"column":16},"end":{"line":92,"column":16},"skip":true},{"start":{"line":92,"column":16},"end":{"line":92,"column":16},"skip":true}]},"13":{"line":108,"type":"if","locations":[{"start":{"line":108,"column":12},"end":{"line":108,"column":12},"skip":true},{"start":{"line":108,"column":12},"end":{"line":108,"column":12},"skip":true}]},"14":{"line":108,"type":"binary-expr","locations":[{"start":{"line":108,"column":16},"end":{"line":108,"column":61},"skip":true},{"start":{"line":108,"column":66},"end":{"line":108,"column":72},"skip":true},{"start":{"line":108,"column":77},"end":{"line":108,"column":82},"skip":true},{"start":{"line":109,"column":20},"end":{"line":109,"column":39},"skip":true},{"start":{"line":110,"column":20},"end":{"line":110,"column":49},"skip":true},{"start":{"line":111,"column":20},"end":{"line":111,"column":58},"skip":true},{"start":{"line":112,"column":20},"end":{"line":112,"column":68},"skip":true}]},"15":{"line":129,"type":"if","locations":[{"start":{"line":129,"column":16},"end":{"line":129,"column":16},"skip":true},{"start":{"line":129,"column":16},"end":{"line":129,"column":16},"skip":true}]},"16":{"line":134,"type":"cond-expr","locations":[{"start":{"line":135,"column":26},"end":{"line":135,"column":29},"skip":true},{"start":{"line":136,"column":26},"end":{"line":136,"column":54},"skip":true}]},"17":{"line":164,"type":"binary-expr","locations":[{"start":{"line":164,"column":27},"end":{"line":164,"column":43},"skip":true},{"start":{"line":164,"column":47},"end":{"line":164,"column":49},"skip":true}]},"18":{"line":258,"type":"if","locations":[{"start":{"line":258,"column":8},"end":{"line":258,"column":8},"skip":true},{"start":{"line":258,"column":8},"end":{"line":258,"column":8},"skip":true}]},"19":{"line":275,"type":"switch","locations":[{"start":{"line":276,"column":20},"end":{"line":277,"column":64},"skip":true},{"start":{"line":278,"column":20},"end":{"line":279,"column":40},"skip":true},{"start":{"line":280,"column":20},"end":{"line":281,"column":40},"skip":true},{"start":{"line":282,"column":20},"end":{"line":283,"column":39},"skip":true}]},"20":{"line":288,"type":"if","locations":[{"start":{"line":288,"column":8},"end":{"line":288,"column":8},"skip":true},{"start":{"line":288,"column":8},"end":{"line":288,"column":8},"skip":true}]},"21":{"line":288,"type":"binary-expr","locations":[{"start":{"line":288,"column":12},"end":{"line":288,"column":40},"skip":true},{"start":{"line":288,"column":44},"end":{"line":288,"column":67},"skip":true}]},"22":{"line":292,"type":"binary-expr","locations":[{"start":{"line":292,"column":12},"end":{"line":292,"column":50},"skip":true},{"start":{"line":293,"column":12},"end":{"line":293,"column":53},"skip":true}]},"23":{"line":297,"type":"binary-expr","locations":[{"start":{"line":297,"column":12},"end":{"line":297,"column":66},"skip":true},{"start":{"line":298,"column":12},"end":{"line":301,"column":36},"skip":true}]},"24":{"line":303,"type":"binary-expr","locations":[{"start":{"line":303,"column":43},"end":{"line":303,"column":75},"skip":true},{"start":{"line":303,"column":79},"end":{"line":303,"column":81},"skip":true}]},"25":{"line":306,"type":"if","locations":[{"start":{"line":306,"column":8},"end":{"line":306,"column":8},"skip":true},{"start":{"line":306,"column":8},"end":{"line":306,"column":8},"skip":true}]},"26":{"line":310,"type":"if","locations":[{"start":{"line":310,"column":8},"end":{"line":310,"column":8},"skip":true},{"start":{"line":310,"column":8},"end":{"line":310,"column":8},"skip":true}]},"27":{"line":313,"type":"binary-expr","locations":[{"start":{"line":313,"column":27},"end":{"line":313,"column":43},"skip":true},{"start":{"line":313,"column":47},"end":{"line":313,"column":53},"skip":true}]},"28":{"line":317,"type":"if","locations":[{"start":{"line":317,"column":12},"end":{"line":317,"column":12},"skip":true},{"start":{"line":317,"column":12},"end":{"line":317,"column":12},"skip":true}]}},"code":["/*","example.js","","quickstart example","","instruction","    1. save this script as example.js","    2. run the shell command:","        $ npm install npmtest-gulp-tsc && PORT=8081 node example.js","    3. play with the browser-demo on http://127.0.0.1:8081","*/","","","","/* istanbul instrument in package npmtest_gulp_tsc */","/*jslint","    bitwise: true,","    browser: true,","    maxerr: 8,","    maxlen: 96,","    node: true,","    nomen: true,","    regexp: true,","    stupid: true","*/","(function () {","    'use strict';","    var local;","","","","    // run shared js-env code - pre-init","    (function () {","        // init local","        local = {};","        // init modeJs","        local.modeJs = (function () {","            try {","                return typeof navigator.userAgent === 'string' &&","                    typeof document.querySelector('body') === 'object' &&","                    typeof XMLHttpRequest.prototype.open === 'function' &&","                    'browser';","            } catch (errorCaughtBrowser) {","                return module.exports &&","                    typeof process.versions.node === 'string' &&","                    typeof require('http').createServer === 'function' &&","                    'node';","            }","        }());","        // init global","        local.global = local.modeJs === 'browser'","            ? window","            : global;","        // init utility2_rollup","        local = local.global.utility2_rollup || (local.modeJs === 'browser'","            ? local.global.utility2_npmtest_gulp_tsc","            : global.utility2_moduleExports);","        // export local","        local.global.local = local;","    }());","    switch (local.modeJs) {","","","","    // post-init","    // run browser js-env code - post-init","    /* istanbul ignore next */","    case 'browser':","        local.testRunBrowser = function (event) {","            if (!event || (event &&","                    event.currentTarget &&","                    event.currentTarget.className &&","                    event.currentTarget.className.includes &&","                    event.currentTarget.className.includes('onreset'))) {","                // reset output","                Array.from(","                    document.querySelectorAll('body > .resettable')","                ).forEach(function (element) {","                    switch (element.tagName) {","                    case 'INPUT':","                    case 'TEXTAREA':","                        element.value = '';","                        break;","                    default:","                        element.textContent = '';","                    }","                });","            }","            switch (event && event.currentTarget && event.currentTarget.id) {","            case 'testRunButton1':","                // show tests","                if (document.querySelector('#testReportDiv1').style.display === 'none') {","                    document.querySelector('#testReportDiv1').style.display = 'block';","                    document.querySelector('#testRunButton1').textContent =","                        'hide internal test';","                    local.modeTest = true;","                    local.testRunDefault(local);","                // hide tests","                } else {","                    document.querySelector('#testReportDiv1').style.display = 'none';","                    document.querySelector('#testRunButton1').textContent = 'run internal test';","                }","                break;","            // custom-case","            default:","                break;","            }","            if (document.querySelector('#inputTextareaEval1') && (!event || (event &&","                    event.currentTarget &&","                    event.currentTarget.className &&","                    event.currentTarget.className.includes &&","                    event.currentTarget.className.includes('oneval')))) {","                // try to eval input-code","                try {","                    /*jslint evil: true*/","                    eval(document.querySelector('#inputTextareaEval1').value);","                } catch (errorCaught) {","                    console.error(errorCaught);","                }","            }","        };","        // log stderr and stdout to #outputTextareaStdout1","        ['error', 'log'].forEach(function (key) {","            console[key + '_original'] = console[key];","            console[key] = function () {","                var element;","                console[key + '_original'].apply(console, arguments);","                element = document.querySelector('#outputTextareaStdout1');","                if (!element) {","                    return;","                }","                // append text to #outputTextareaStdout1","                element.value += Array.from(arguments).map(function (arg) {","                    return typeof arg === 'string'","                        ? arg","                        : JSON.stringify(arg, null, 4);","                }).join(' ') + '\\n';","                // scroll textarea to bottom","                element.scrollTop = element.scrollHeight;","            };","        });","        // init event-handling","        ['change', 'click', 'keyup'].forEach(function (event) {","            Array.from(document.querySelectorAll('.on' + event)).forEach(function (element) {","                element.addEventListener(event, local.testRunBrowser);","            });","        });","        // run tests","        local.testRunBrowser();","        break;","","","","    // run node js-env code - post-init","    /* istanbul ignore next */","    case 'node':","        // export local","        module.exports = local;","        // require modules","        local.fs = require('fs');","        local.http = require('http');","        local.url = require('url');","        // init assets","        local.assetsDict = local.assetsDict || {};","        /* jslint-ignore-begin */","        local.assetsDict['/assets.index.template.html'] = '\\","<!doctype html>\\n\\","<html lang=\"en\">\\n\\","<head>\\n\\","<meta charset=\"UTF-8\">\\n\\","<meta name=\"viewport\" content=\"width=device-width, initial-scale=1\">\\n\\","<title>{{env.npm_package_name}} (v{{env.npm_package_version}})</title>\\n\\","<style>\\n\\","/*csslint\\n\\","    box-sizing: false,\\n\\","    universal-selector: false\\n\\","*/\\n\\","* {\\n\\","    box-sizing: border-box;\\n\\","}\\n\\","body {\\n\\","    background: #dde;\\n\\","    font-family: Arial, Helvetica, sans-serif;\\n\\","    margin: 2rem;\\n\\","}\\n\\","body > * {\\n\\","    margin-bottom: 1rem;\\n\\","}\\n\\",".utility2FooterDiv {\\n\\","    margin-top: 20px;\\n\\","    text-align: center;\\n\\","}\\n\\","</style>\\n\\","<style>\\n\\","/*csslint\\n\\","*/\\n\\","textarea {\\n\\","    font-family: monospace;\\n\\","    height: 10rem;\\n\\","    width: 100%;\\n\\","}\\n\\","textarea[readonly] {\\n\\","    background: #ddd;\\n\\","}\\n\\","</style>\\n\\","</head>\\n\\","<body>\\n\\","<!-- utility2-comment\\n\\","<div id=\"ajaxProgressDiv1\" style=\"background: #d00; height: 2px; left: 0; margin: 0; padding: 0; position: fixed; top: 0; transition: background 0.5s, width 1.5s; width: 25%;\"></div>\\n\\","utility2-comment -->\\n\\","<h1>\\n\\","<!-- utility2-comment\\n\\","    <a\\n\\","        {{#if env.npm_package_homepage}}\\n\\","        href=\"{{env.npm_package_homepage}}\"\\n\\","        {{/if env.npm_package_homepage}}\\n\\","        target=\"_blank\"\\n\\","    >\\n\\","utility2-comment -->\\n\\","        {{env.npm_package_name}} (v{{env.npm_package_version}})\\n\\","<!-- utility2-comment\\n\\","    </a>\\n\\","utility2-comment -->\\n\\","</h1>\\n\\","<h3>{{env.npm_package_description}}</h3>\\n\\","<!-- utility2-comment\\n\\","<h4><a download href=\"assets.app.js\">download standalone app</a></h4>\\n\\","<button class=\"onclick onreset\" id=\"testRunButton1\">run internal test</button><br>\\n\\","<div id=\"testReportDiv1\" style=\"display: none;\"></div>\\n\\","utility2-comment -->\\n\\","\\n\\","\\n\\","\\n\\","<label>stderr and stdout</label>\\n\\","<textarea class=\"resettable\" id=\"outputTextareaStdout1\" readonly></textarea>\\n\\","<!-- utility2-comment\\n\\","{{#if isRollup}}\\n\\","<script src=\"assets.app.js\"></script>\\n\\","{{#unless isRollup}}\\n\\","utility2-comment -->\\n\\","<script src=\"assets.utility2.rollup.js\"></script>\\n\\","<script src=\"jsonp.utility2._stateInit?callback=window.utility2._stateInit\"></script>\\n\\","<script src=\"assets.npmtest_gulp_tsc.rollup.js\"></script>\\n\\","<script src=\"assets.example.js\"></script>\\n\\","<script src=\"assets.test.js\"></script>\\n\\","<!-- utility2-comment\\n\\","{{/if isRollup}}\\n\\","utility2-comment -->\\n\\","<div class=\"utility2FooterDiv\">\\n\\","    [ this app was created with\\n\\","    <a href=\"https://github.com/kaizhu256/node-utility2\" target=\"_blank\">utility2</a>\\n\\","    ]\\n\\","</div>\\n\\","</body>\\n\\","</html>\\n\\","';","        /* jslint-ignore-end */","        if (local.templateRender) {","            local.assetsDict['/'] = local.templateRender(","                local.assetsDict['/assets.index.template.html'],","                {","                    env: local.objectSetDefault(local.env, {","                        npm_package_description: 'the greatest app in the world!',","                        npm_package_name: 'my-app',","                        npm_package_nameAlias: 'my_app',","                        npm_package_version: '0.0.1'","                    })","                }","            );","        } else {","            local.assetsDict['/'] = local.assetsDict['/assets.index.template.html']","                .replace((/\\{\\{env\\.(\\w+?)\\}\\}/g), function (match0, match1) {","                    // jslint-hack","                    String(match0);","                    switch (match1) {","                    case 'npm_package_description':","                        return 'the greatest app in the world!';","                    case 'npm_package_name':","                        return 'my-app';","                    case 'npm_package_nameAlias':","                        return 'my_app';","                    case 'npm_package_version':","                        return '0.0.1';","                    }","                });","        }","        // run the cli","        if (local.global.utility2_rollup || module !== require.main) {","            break;","        }","        local.assetsDict['/assets.example.js'] =","            local.assetsDict['/assets.example.js'] ||","            local.fs.readFileSync(__filename, 'utf8');","        // bug-workaround - long $npm_package_buildCustomOrg","        /* jslint-ignore-begin */","        local.assetsDict['/assets.npmtest_gulp_tsc.rollup.js'] =","            local.assetsDict['/assets.npmtest_gulp_tsc.rollup.js'] ||","            local.fs.readFileSync(","                local.npmtest_gulp_tsc.__dirname + '/lib.npmtest_gulp_tsc.js',","                'utf8'","            ).replace((/^#!/), '//');","        /* jslint-ignore-end */","        local.assetsDict['/favicon.ico'] = local.assetsDict['/favicon.ico'] || '';","        // if $npm_config_timeout_exit exists,","        // then exit this process after $npm_config_timeout_exit ms","        if (Number(process.env.npm_config_timeout_exit)) {","            setTimeout(process.exit, Number(process.env.npm_config_timeout_exit));","        }","        // start server","        if (local.global.utility2_serverHttp1) {","            break;","        }","        process.env.PORT = process.env.PORT || '8081';","        console.error('server starting on port ' + process.env.PORT);","        local.http.createServer(function (request, response) {","            request.urlParsed = local.url.parse(request.url);","            if (local.assetsDict[request.urlParsed.pathname] !== undefined) {","                response.end(local.assetsDict[request.urlParsed.pathname]);","                return;","            }","            response.statusCode = 404;","            response.end();","        }).listen(process.env.PORT);","        break;","    }","}());",""],"l":{"26":2,"28":2,"33":2,"35":2,"37":2,"38":2,"39":2,"44":1,"51":2,"55":2,"59":2,"61":2,"69":1,"70":2,"76":2,"79":2,"82":2,"83":2,"85":1,"89":2,"92":1,"93":1,"94":1,"96":1,"97":1,"100":1,"101":1,"103":1,"106":1,"108":2,"114":1,"116":1,"118":1,"123":1,"124":2,"125":2,"126":3,"127":3,"128":3,"129":3,"130":1,"133":3,"134":3,"139":3,"143":1,"144":3,"145":1,"149":1,"150":1,"158":1,"160":1,"161":1,"162":1,"164":1,"166":1,"258":1,"259":1,"271":1,"274":6,"275":6,"277":1,"279":2,"281":1,"283":2,"288":1,"289":1,"291":1,"296":1,"303":1,"306":1,"307":1,"310":1,"311":1,"313":1,"314":1,"315":1,"316":1,"317":1,"318":1,"319":1,"321":1,"322":1,"324":1}},"/home/travis/build/npmtest/node-npmtest-gulp-tsc/node_modules/gulp-tsc/index.js":{"path":"/home/travis/build/npmtest/node-npmtest-gulp-tsc/node_modules/gulp-tsc/index.js","s":{"1":1,"2":1,"3":1,"4":1,"5":1,"6":0,"7":0,"8":1,"9":0,"10":0,"11":1,"12":0,"13":0,"14":0,"15":0,"16":0,"17":0,"18":0,"19":0,"20":0,"21":0,"22":0,"23":0,"24":0,"25":0,"26":0,"27":0,"28":0,"29":0,"30":0,"31":0,"32":0,"33":0,"34":0,"35":0,"36":0,"37":0,"38":0,"39":0},"b":{"1":[0,0],"2":[0,0],"3":[0,0],"4":[0,0],"5":[0,0],"6":[0,0]},"f":{"1":0,"2":0,"3":0,"4":0,"5":0,"6":0,"7":0,"8":0,"9":0,"10":0,"11":0},"fnMap":{"1":{"name":"(anonymous_1)","line":8,"loc":{"start":{"line":8,"column":17},"end":{"line":8,"column":36}}},"2":{"name":"eachFile","line":12,"loc":{"start":{"line":12,"column":2},"end":{"line":12,"column":42}}},"3":{"name":"endStream","line":17,"loc":{"start":{"line":17,"column":2},"end":{"line":17,"column":27}}},"4":{"name":"(anonymous_4)","line":24,"loc":{"start":{"line":24,"column":26},"end":{"line":24,"column":42}}},"5":{"name":"(anonymous_5)","line":27,"loc":{"start":{"line":27,"column":26},"end":{"line":27,"column":42}}},"6":{"name":"(anonymous_6)","line":30,"loc":{"start":{"line":30,"column":25},"end":{"line":30,"column":40}}},"7":{"name":"(anonymous_7)","line":34,"loc":{"start":{"line":34,"column":24},"end":{"line":34,"column":40}}},"8":{"name":"(anonymous_8)","line":39,"loc":{"start":{"line":39,"column":6},"end":{"line":39,"column":22}}},"9":{"name":"(anonymous_9)","line":42,"loc":{"start":{"line":42,"column":6},"end":{"line":42,"column":31}}},"10":{"name":"(anonymous_10)","line":46,"loc":{"start":{"line":46,"column":7},"end":{"line":46,"column":22}}},"11":{"name":"(anonymous_11)","line":50,"loc":{"start":{"line":50,"column":28},"end":{"line":50,"column":40}}}},"statementMap":{"1":{"start":{"line":3,"column":0},"end":{"line":3,"column":41}},"2":{"start":{"line":4,"column":0},"end":{"line":4,"column":33}},"3":{"start":{"line":5,"column":0},"end":{"line":5,"column":34}},"4":{"start":{"line":6,"column":0},"end":{"line":6,"column":29}},"5":{"start":{"line":8,"column":0},"end":{"line":64,"column":2}},"6":{"start":{"line":9,"column":2},"end":{"line":9,"column":23}},"7":{"start":{"line":10,"column":2},"end":{"line":10,"column":62}},"8":{"start":{"line":12,"column":2},"end":{"line":15,"column":3}},"9":{"start":{"line":13,"column":4},"end":{"line":13,"column":27}},"10":{"start":{"line":14,"column":4},"end":{"line":14,"column":11}},"11":{"start":{"line":17,"column":2},"end":{"line":61,"column":3}},"12":{"start":{"line":18,"column":4},"end":{"line":20,"column":5}},"13":{"start":{"line":19,"column":6},"end":{"line":19,"column":20}},"14":{"start":{"line":22,"column":4},"end":{"line":22,"column":21}},"15":{"start":{"line":23,"column":4},"end":{"line":23,"column":54}},"16":{"start":{"line":24,"column":4},"end":{"line":26,"column":7}},"17":{"start":{"line":25,"column":6},"end":{"line":25,"column":53}},"18":{"start":{"line":27,"column":4},"end":{"line":29,"column":7}},"19":{"start":{"line":28,"column":6},"end":{"line":28,"column":51}},"20":{"start":{"line":30,"column":4},"end":{"line":33,"column":7}},"21":{"start":{"line":31,"column":6},"end":{"line":31,"column":68}},"22":{"start":{"line":32,"column":6},"end":{"line":32,"column":61}},"23":{"start":{"line":34,"column":4},"end":{"line":36,"column":7}},"24":{"start":{"line":35,"column":6},"end":{"line":35,"column":23}},"25":{"start":{"line":38,"column":4},"end":{"line":60,"column":7}},"26":{"start":{"line":40,"column":8},"end":{"line":40,"column":34}},"27":{"start":{"line":43,"column":8},"end":{"line":43,"column":77}},"28":{"start":{"line":44,"column":8},"end":{"line":44,"column":31}},"29":{"start":{"line":47,"column":6},"end":{"line":57,"column":7}},"30":{"start":{"line":48,"column":8},"end":{"line":48,"column":74}},"31":{"start":{"line":49,"column":8},"end":{"line":56,"column":9}},"32":{"start":{"line":50,"column":10},"end":{"line":54,"column":13}},"33":{"start":{"line":51,"column":12},"end":{"line":51,"column":113}},"34":{"start":{"line":52,"column":12},"end":{"line":52,"column":29}},"35":{"start":{"line":53,"column":12},"end":{"line":53,"column":19}},"36":{"start":{"line":55,"column":10},"end":{"line":55,"column":17}},"37":{"start":{"line":58,"column":6},"end":{"line":58,"column":23}},"38":{"start":{"line":59,"column":6},"end":{"line":59,"column":13}},"39":{"start":{"line":63,"column":2},"end":{"line":63,"column":42}}},"branchMap":{"1":{"line":10,"type":"binary-expr","locations":[{"start":{"line":10,"column":21},"end":{"line":10,"column":29}},{"start":{"line":10,"column":33},"end":{"line":10,"column":60}}]},"2":{"line":18,"type":"if","locations":[{"start":{"line":18,"column":4},"end":{"line":18,"column":4}},{"start":{"line":18,"column":4},"end":{"line":18,"column":4}}]},"3":{"line":32,"type":"binary-expr","locations":[{"start":{"line":32,"column":6},"end":{"line":32,"column":15}},{"start":{"line":32,"column":19},"end":{"line":32,"column":60}}]},"4":{"line":47,"type":"if","locations":[{"start":{"line":47,"column":6},"end":{"line":47,"column":6}},{"start":{"line":47,"column":6},"end":{"line":47,"column":6}}]},"5":{"line":49,"type":"if","locations":[{"start":{"line":49,"column":8},"end":{"line":49,"column":8}},{"start":{"line":49,"column":8},"end":{"line":49,"column":8}}]},"6":{"line":51,"type":"binary-expr","locations":[{"start":{"line":51,"column":91},"end":{"line":51,"column":102}},{"start":{"line":51,"column":106},"end":{"line":51,"column":109}}]}},"code":["'use strict';","","var Compiler = require('./lib/compiler');","var gutil = require('gulp-util');","var through = require('through2');","var async = require('async');","","module.exports = function (options) {","  var sourceFiles = [];","  var emitError   = (!options || options.emitError !== false);","","  function eachFile(file, encoding, done) {","    sourceFiles.push(file);","    done();","  }","","  function endStream(done) {","    if (sourceFiles.length === 0) {","      return done();","    }","","    var _this = this;","    var compiler = new Compiler(sourceFiles, options);","    compiler.on('stdout', function (line) {","      gutil.log(gutil.colors.green('[tsc] >'), line);","    });","    compiler.on('stderr', function (line) {","      gutil.log(gutil.colors.red('[tsc] >'), line);","    });","    compiler.on('error', function (err) {","      gutil.log(gutil.colors.red('[tsc] Error: ' + err.toString()));","      err.stack && console.log(gutil.colors.gray(err.stack));","    });","    compiler.on('data', function (file) {","      _this.push(file);","    });","","    async.waterfall([","      function (next) {","        compiler.getVersion(next);","      },","      function (version, next) {","        gutil.log('Compiling TypeScript files using tsc version ' + version);","        compiler.compile(next);","      }","    ], function (err) {","      if (err) {","        gutil.log(gutil.colors.red('Failed to compile TypeScript:', err));","        if (emitError) {","          Compiler.abortAll(function () {","            _this.emit('error', new gutil.PluginError('gulp-tsc', 'Failed to compile: ' + (err.message || err)));","            sourceFiles = [];","            done();","          });","          return;","        }","      }","      sourceFiles = [];","      done();","    });","  }","","  return through.obj(eachFile, endStream);","};",""],"l":{"3":1,"4":1,"5":1,"6":1,"8":1,"9":0,"10":0,"12":1,"13":0,"14":0,"17":1,"18":0,"19":0,"22":0,"23":0,"24":0,"25":0,"27":0,"28":0,"30":0,"31":0,"32":0,"34":0,"35":0,"38":0,"40":0,"43":0,"44":0,"47":0,"48":0,"49":0,"50":0,"51":0,"52":0,"53":0,"55":0,"58":0,"59":0,"63":0}},"/home/travis/build/npmtest/node-npmtest-gulp-tsc/node_modules/gulp-tsc/lib/compiler.js":{"path":"/home/travis/build/npmtest/node-npmtest-gulp-tsc/node_modules/gulp-tsc/lib/compiler.js","s":{"1":1,"2":1,"3":1,"4":1,"5":1,"6":1,"7":1,"8":1,"9":1,"10":1,"11":1,"12":1,"13":1,"14":1,"15":0,"16":0,"17":0,"18":0,"19":0,"20":0,"21":0,"22":0,"23":0,"24":0,"25":1,"26":1,"27":0,"28":0,"29":0,"30":0,"31":0,"32":0,"33":0,"34":0,"35":0,"36":0,"37":0,"38":0,"39":0,"40":0,"41":0,"42":0,"43":0,"44":0,"45":0,"46":0,"47":0,"48":0,"49":0,"50":0,"51":0,"52":0,"53":0,"54":0,"55":0,"56":0,"57":0,"58":0,"59":0,"60":0,"61":0,"62":0,"63":0,"64":0,"65":0,"66":0,"67":0,"68":0,"69":0,"70":0,"71":0,"72":0,"73":0,"74":0,"75":0,"76":0,"77":0,"78":0,"79":0,"80":0,"81":0,"82":0,"83":0,"84":0,"85":0,"86":0,"87":0,"88":0,"89":0,"90":0,"91":0,"92":0,"93":0,"94":0,"95":0,"96":0,"97":0,"98":0,"99":0,"100":0,"101":0,"102":0,"103":0,"104":0,"105":0,"106":0,"107":0,"108":0,"109":0,"110":0,"111":0,"112":0,"113":0,"114":0,"115":0,"116":0,"117":0,"118":0,"119":0,"120":1,"121":0,"122":1,"123":0,"124":0,"125":0,"126":0,"127":0,"128":0,"129":0,"130":0,"131":0,"132":1,"133":0,"134":0,"135":0,"136":1,"137":0,"138":0,"139":0,"140":1,"141":0,"142":0,"143":0,"144":0,"145":0,"146":0,"147":0,"148":1,"149":0,"150":0,"151":0,"152":0,"153":0,"154":0,"155":0,"156":0,"157":0,"158":0,"159":0,"160":0,"161":1,"162":0,"163":0,"164":0,"165":0,"166":0,"167":1,"168":0,"169":0,"170":0,"171":0,"172":0,"173":0,"174":0,"175":0,"176":0,"177":0,"178":0,"179":0,"180":0,"181":0,"182":0,"183":1,"184":0,"185":0,"186":0,"187":0,"188":0,"189":0,"190":0,"191":0,"192":0,"193":0,"194":0,"195":0,"196":0,"197":0,"198":0,"199":0,"200":0,"201":1,"202":0,"203":0,"204":0,"205":0,"206":0,"207":0,"208":0,"209":0,"210":0,"211":0,"212":0,"213":0,"214":0,"215":0,"216":0,"217":0,"218":1,"219":0,"220":0,"221":0,"222":0,"223":0,"224":0,"225":0,"226":0,"227":0,"228":0,"229":0,"230":0,"231":0,"232":0,"233":0,"234":0,"235":0,"236":0,"237":0,"238":0,"239":0,"240":0,"241":0,"242":0,"243":1,"244":0,"245":0,"246":0,"247":0,"248":0,"249":0,"250":0,"251":0,"252":0,"253":0,"254":0,"255":0,"256":0,"257":0,"258":0,"259":1,"260":0,"261":0,"262":0,"263":0,"264":0,"265":0,"266":0,"267":0,"268":0,"269":0,"270":0,"271":0,"272":0,"273":1,"274":0,"275":0,"276":0,"277":0,"278":1,"279":1,"280":1,"281":1,"282":0,"283":0,"284":0,"285":0,"286":1,"287":0,"288":1,"289":0,"290":0,"291":0,"292":0,"293":0,"294":1,"295":0,"296":0,"297":0,"298":0,"299":0,"300":1},"b":{"1":[0,0],"2":[0,0],"3":[0,0,0],"4":[0,0],"5":[0,0],"6":[0,0],"7":[0,0],"8":[0,0],"9":[0,0],"10":[0,0],"11":[0,0],"12":[0,0],"13":[0,0],"14":[0,0],"15":[0,0],"16":[0,0],"17":[0,0],"18":[0,0],"19":[0,0],"20":[0,0],"21":[0,0],"22":[0,0],"23":[0,0],"24":[0,0],"25":[0,0],"26":[0,0],"27":[0,0],"28":[0,0],"29":[0,0],"30":[0,0],"31":[0,0],"32":[0,0],"33":[0,0],"34":[0,0],"35":[0,0],"36":[0,0],"37":[0,0],"38":[0,0],"39":[0,0],"40":[0,0],"41":[0,0],"42":[0,0],"43":[0,0],"44":[0,0],"45":[0,0],"46":[0,0],"47":[0,0],"48":[0,0],"49":[0,0],"50":[0,0],"51":[0,0],"52":[0,0],"53":[0,0],"54":[0,0],"55":[0,0],"56":[0,0],"57":[0,0],"58":[0,0],"59":[0,0],"60":[0,0],"61":[0,0],"62":[0,0],"63":[0,0],"64":[0,0],"65":[0,0],"66":[0,0],"67":[0,0],"68":[0,0],"69":[0,0],"70":[0,0],"71":[0,0],"72":[0,0],"73":[0,0],"74":[0,0],"75":[0,0],"76":[0,0],"77":[0,0],"78":[0,0,0],"79":[0,0],"80":[0,0],"81":[0,0],"82":[0,0],"83":[0,0],"84":[0,0],"85":[0,0],"86":[0,0],"87":[0,0],"88":[0,0],"89":[0,0],"90":[0,0],"91":[0,0],"92":[0,0],"93":[0,0],"94":[0,0],"95":[0,0],"96":[0,0],"97":[0,0],"98":[0,0],"99":[0,0],"100":[0,0],"101":[0,0],"102":[0,0],"103":[0,0],"104":[0,0],"105":[0,0],"106":[0,0],"107":[0,0],"108":[0,0],"109":[0,0],"110":[0,0],"111":[0,0],"112":[0,0],"113":[0,0],"114":[0,0],"115":[0,0]},"f":{"1":0,"2":0,"3":0,"4":0,"5":0,"6":0,"7":0,"8":0,"9":0,"10":0,"11":0,"12":0,"13":0,"14":0,"15":0,"16":0,"17":0,"18":0,"19":0,"20":0,"21":0,"22":0,"23":0,"24":0,"25":0,"26":0,"27":0,"28":0,"29":0,"30":0,"31":0,"32":0,"33":0,"34":0,"35":0,"36":0,"37":0,"38":0,"39":0,"40":0,"41":0,"42":0},"fnMap":{"1":{"name":"Compiler","line":15,"loc":{"start":{"line":15,"column":0},"end":{"line":15,"column":40}}},"2":{"name":"(anonymous_2)","line":68,"loc":{"start":{"line":68,"column":39},"end":{"line":68,"column":58}}},"3":{"name":"(anonymous_3)","line":172,"loc":{"start":{"line":172,"column":53},"end":{"line":172,"column":70}}},"4":{"name":"(anonymous_4)","line":185,"loc":{"start":{"line":185,"column":33},"end":{"line":185,"column":46}}},"5":{"name":"(anonymous_5)","line":192,"loc":{"start":{"line":192,"column":32},"end":{"line":192,"column":52}}},"6":{"name":"(anonymous_6)","line":195,"loc":{"start":{"line":195,"column":29},"end":{"line":195,"column":49}}},"7":{"name":"(anonymous_7)","line":210,"loc":{"start":{"line":210,"column":7},"end":{"line":210,"column":22}}},"8":{"name":"(anonymous_8)","line":215,"loc":{"start":{"line":215,"column":37},"end":{"line":215,"column":53}}},"9":{"name":"finish","line":220,"loc":{"start":{"line":220,"column":4},"end":{"line":220,"column":25}}},"10":{"name":"(anonymous_10)","line":226,"loc":{"start":{"line":226,"column":34},"end":{"line":226,"column":54}}},"11":{"name":"(anonymous_11)","line":234,"loc":{"start":{"line":234,"column":44},"end":{"line":234,"column":64}}},"12":{"name":"(anonymous_12)","line":237,"loc":{"start":{"line":237,"column":99},"end":{"line":237,"column":123}}},"13":{"name":"(anonymous_13)","line":244,"loc":{"start":{"line":244,"column":40},"end":{"line":244,"column":60}}},"14":{"name":"(anonymous_14)","line":249,"loc":{"start":{"line":249,"column":90},"end":{"line":249,"column":111}}},"15":{"name":"(anonymous_15)","line":265,"loc":{"start":{"line":265,"column":45},"end":{"line":265,"column":65}}},"16":{"name":"(anonymous_16)","line":266,"loc":{"start":{"line":266,"column":20},"end":{"line":266,"column":46}}},"17":{"name":"(anonymous_17)","line":273,"loc":{"start":{"line":273,"column":28},"end":{"line":273,"column":48}}},"18":{"name":"(anonymous_18)","line":278,"loc":{"start":{"line":278,"column":20},"end":{"line":278,"column":36}}},"19":{"name":"(anonymous_19)","line":286,"loc":{"start":{"line":286,"column":21},"end":{"line":286,"column":36}}},"20":{"name":"(anonymous_20)","line":289,"loc":{"start":{"line":289,"column":22},"end":{"line":289,"column":39}}},"21":{"name":"(anonymous_21)","line":292,"loc":{"start":{"line":292,"column":22},"end":{"line":292,"column":39}}},"22":{"name":"(anonymous_22)","line":297,"loc":{"start":{"line":297,"column":40},"end":{"line":297,"column":60}}},"23":{"name":"(anonymous_23)","line":312,"loc":{"start":{"line":312,"column":22},"end":{"line":312,"column":38}}},"24":{"name":"(anonymous_24)","line":315,"loc":{"start":{"line":315,"column":23},"end":{"line":315,"column":38}}},"25":{"name":"(anonymous_25)","line":318,"loc":{"start":{"line":318,"column":21},"end":{"line":318,"column":33}}},"26":{"name":"(anonymous_26)","line":322,"loc":{"start":{"line":322,"column":39},"end":{"line":322,"column":51}}},"27":{"name":"(anonymous_27)","line":331,"loc":{"start":{"line":331,"column":23},"end":{"line":331,"column":55}}},"28":{"name":"(anonymous_28)","line":348,"loc":{"start":{"line":348,"column":34},"end":{"line":348,"column":50}}},"29":{"name":"(anonymous_29)","line":372,"loc":{"start":{"line":372,"column":25},"end":{"line":372,"column":45}}},"30":{"name":"(anonymous_30)","line":387,"loc":{"start":{"line":387,"column":38},"end":{"line":387,"column":50}}},"31":{"name":"(anonymous_31)","line":388,"loc":{"start":{"line":388,"column":23},"end":{"line":388,"column":55}}},"32":{"name":"(anonymous_32)","line":395,"loc":{"start":{"line":395,"column":48},"end":{"line":395,"column":70}}},"33":{"name":"(anonymous_33)","line":408,"loc":{"start":{"line":408,"column":38},"end":{"line":408,"column":50}}},"34":{"name":"(anonymous_34)","line":409,"loc":{"start":{"line":409,"column":23},"end":{"line":409,"column":55}}},"35":{"name":"(anonymous_35)","line":414,"loc":{"start":{"line":414,"column":111},"end":{"line":414,"column":153}}},"36":{"name":"(anonymous_36)","line":426,"loc":{"start":{"line":426,"column":29},"end":{"line":426,"column":41}}},"37":{"name":"(anonymous_37)","line":439,"loc":{"start":{"line":439,"column":20},"end":{"line":439,"column":40}}},"38":{"name":"(anonymous_38)","line":446,"loc":{"start":{"line":446,"column":21},"end":{"line":446,"column":33}}},"39":{"name":"(anonymous_39)","line":449,"loc":{"start":{"line":449,"column":18},"end":{"line":449,"column":38}}},"40":{"name":"(anonymous_40)","line":451,"loc":{"start":{"line":451,"column":25},"end":{"line":451,"column":37}}},"41":{"name":"(anonymous_41)","line":458,"loc":{"start":{"line":458,"column":23},"end":{"line":458,"column":35}}},"42":{"name":"(anonymous_42)","line":462,"loc":{"start":{"line":462,"column":22},"end":{"line":462,"column":36}}}},"statementMap":{"1":{"start":{"line":2,"column":0},"end":{"line":2,"column":23}},"2":{"start":{"line":3,"column":0},"end":{"line":3,"column":27}},"3":{"start":{"line":4,"column":0},"end":{"line":4,"column":27}},"4":{"start":{"line":5,"column":0},"end":{"line":5,"column":26}},"5":{"start":{"line":6,"column":0},"end":{"line":6,"column":29}},"6":{"start":{"line":7,"column":0},"end":{"line":7,"column":31}},"7":{"start":{"line":8,"column":0},"end":{"line":8,"column":27}},"8":{"start":{"line":9,"column":0},"end":{"line":9,"column":31}},"9":{"start":{"line":10,"column":0},"end":{"line":10,"column":34}},"10":{"start":{"line":11,"column":0},"end":{"line":11,"column":36}},"11":{"start":{"line":12,"column":0},"end":{"line":12,"column":50}},"12":{"start":{"line":13,"column":0},"end":{"line":13,"column":53}},"13":{"start":{"line":14,"column":0},"end":{"line":14,"column":27}},"14":{"start":{"line":15,"column":0},"end":{"line":66,"column":1}},"15":{"start":{"line":16,"column":4},"end":{"line":16,"column":28}},"16":{"start":{"line":17,"column":4},"end":{"line":17,"column":41}},"17":{"start":{"line":18,"column":4},"end":{"line":18,"column":113}},"18":{"start":{"line":19,"column":4},"end":{"line":56,"column":16}},"19":{"start":{"line":57,"column":4},"end":{"line":57,"column":78}},"20":{"start":{"line":58,"column":4},"end":{"line":58,"column":34}},"21":{"start":{"line":59,"column":4},"end":{"line":62,"column":6}},"22":{"start":{"line":63,"column":4},"end":{"line":63,"column":32}},"23":{"start":{"line":64,"column":4},"end":{"line":64,"column":33}},"24":{"start":{"line":65,"column":4},"end":{"line":65,"column":31}},"25":{"start":{"line":67,"column":0},"end":{"line":67,"column":38}},"26":{"start":{"line":68,"column":0},"end":{"line":191,"column":2}},"27":{"start":{"line":69,"column":4},"end":{"line":69,"column":18}},"28":{"start":{"line":70,"column":4},"end":{"line":72,"column":5}},"29":{"start":{"line":71,"column":8},"end":{"line":71,"column":24}},"30":{"start":{"line":73,"column":4},"end":{"line":73,"column":38}},"31":{"start":{"line":74,"column":4},"end":{"line":74,"column":30}},"32":{"start":{"line":75,"column":4},"end":{"line":82,"column":5}},"33":{"start":{"line":76,"column":8},"end":{"line":78,"column":9}},"34":{"start":{"line":77,"column":12},"end":{"line":77,"column":63}},"35":{"start":{"line":79,"column":8},"end":{"line":81,"column":9}},"36":{"start":{"line":80,"column":12},"end":{"line":80,"column":63}},"37":{"start":{"line":83,"column":4},"end":{"line":84,"column":53}},"38":{"start":{"line":84,"column":8},"end":{"line":84,"column":53}},"39":{"start":{"line":85,"column":4},"end":{"line":86,"column":59}},"40":{"start":{"line":86,"column":8},"end":{"line":86,"column":59}},"41":{"start":{"line":87,"column":4},"end":{"line":89,"column":5}},"42":{"start":{"line":88,"column":8},"end":{"line":88,"column":53}},"43":{"start":{"line":90,"column":4},"end":{"line":91,"column":33}},"44":{"start":{"line":91,"column":8},"end":{"line":91,"column":33}},"45":{"start":{"line":92,"column":4},"end":{"line":93,"column":41}},"46":{"start":{"line":93,"column":8},"end":{"line":93,"column":41}},"47":{"start":{"line":94,"column":4},"end":{"line":96,"column":54}},"48":{"start":{"line":96,"column":8},"end":{"line":96,"column":54}},"49":{"start":{"line":97,"column":4},"end":{"line":98,"column":35}},"50":{"start":{"line":98,"column":8},"end":{"line":98,"column":35}},"51":{"start":{"line":99,"column":4},"end":{"line":100,"column":37}},"52":{"start":{"line":100,"column":8},"end":{"line":100,"column":37}},"53":{"start":{"line":101,"column":4},"end":{"line":102,"column":33}},"54":{"start":{"line":102,"column":8},"end":{"line":102,"column":33}},"55":{"start":{"line":103,"column":4},"end":{"line":104,"column":38}},"56":{"start":{"line":104,"column":8},"end":{"line":104,"column":38}},"57":{"start":{"line":105,"column":4},"end":{"line":106,"column":33}},"58":{"start":{"line":106,"column":8},"end":{"line":106,"column":33}},"59":{"start":{"line":107,"column":4},"end":{"line":108,"column":29}},"60":{"start":{"line":108,"column":8},"end":{"line":108,"column":29}},"61":{"start":{"line":109,"column":4},"end":{"line":111,"column":5}},"62":{"start":{"line":110,"column":8},"end":{"line":110,"column":45}},"63":{"start":{"line":112,"column":4},"end":{"line":113,"column":45}},"64":{"start":{"line":113,"column":8},"end":{"line":113,"column":45}},"65":{"start":{"line":114,"column":4},"end":{"line":115,"column":46}},"66":{"start":{"line":115,"column":8},"end":{"line":115,"column":46}},"67":{"start":{"line":116,"column":4},"end":{"line":118,"column":31}},"68":{"start":{"line":118,"column":8},"end":{"line":118,"column":31}},"69":{"start":{"line":119,"column":4},"end":{"line":121,"column":38}},"70":{"start":{"line":121,"column":8},"end":{"line":121,"column":38}},"71":{"start":{"line":122,"column":4},"end":{"line":124,"column":41}},"72":{"start":{"line":124,"column":8},"end":{"line":124,"column":41}},"73":{"start":{"line":125,"column":4},"end":{"line":127,"column":44}},"74":{"start":{"line":127,"column":8},"end":{"line":127,"column":44}},"75":{"start":{"line":128,"column":4},"end":{"line":130,"column":41}},"76":{"start":{"line":130,"column":8},"end":{"line":130,"column":41}},"77":{"start":{"line":131,"column":4},"end":{"line":133,"column":50}},"78":{"start":{"line":133,"column":8},"end":{"line":133,"column":50}},"79":{"start":{"line":134,"column":4},"end":{"line":136,"column":56}},"80":{"start":{"line":136,"column":8},"end":{"line":136,"column":56}},"81":{"start":{"line":137,"column":4},"end":{"line":139,"column":52}},"82":{"start":{"line":139,"column":8},"end":{"line":139,"column":52}},"83":{"start":{"line":140,"column":4},"end":{"line":142,"column":5}},"84":{"start":{"line":141,"column":8},"end":{"line":141,"column":43}},"85":{"start":{"line":143,"column":4},"end":{"line":145,"column":5}},"86":{"start":{"line":144,"column":8},"end":{"line":144,"column":37}},"87":{"start":{"line":146,"column":4},"end":{"line":148,"column":5}},"88":{"start":{"line":147,"column":8},"end":{"line":147,"column":39}},"89":{"start":{"line":149,"column":4},"end":{"line":151,"column":5}},"90":{"start":{"line":150,"column":8},"end":{"line":150,"column":37}},"91":{"start":{"line":152,"column":4},"end":{"line":154,"column":5}},"92":{"start":{"line":153,"column":8},"end":{"line":153,"column":39}},"93":{"start":{"line":155,"column":4},"end":{"line":157,"column":5}},"94":{"start":{"line":156,"column":8},"end":{"line":156,"column":33}},"95":{"start":{"line":158,"column":4},"end":{"line":160,"column":5}},"96":{"start":{"line":159,"column":8},"end":{"line":159,"column":37}},"97":{"start":{"line":161,"column":4},"end":{"line":163,"column":5}},"98":{"start":{"line":162,"column":8},"end":{"line":162,"column":71}},"99":{"start":{"line":164,"column":4},"end":{"line":167,"column":5}},"100":{"start":{"line":165,"column":8},"end":{"line":165,"column":41}},"101":{"start":{"line":166,"column":8},"end":{"line":166,"column":34}},"102":{"start":{"line":168,"column":4},"end":{"line":170,"column":5}},"103":{"start":{"line":169,"column":8},"end":{"line":169,"column":53}},"104":{"start":{"line":171,"column":4},"end":{"line":172,"column":93}},"105":{"start":{"line":172,"column":8},"end":{"line":172,"column":93}},"106":{"start":{"line":172,"column":72},"end":{"line":172,"column":89}},"107":{"start":{"line":173,"column":4},"end":{"line":183,"column":5}},"108":{"start":{"line":174,"column":8},"end":{"line":176,"column":9}},"109":{"start":{"line":175,"column":12},"end":{"line":175,"column":56}},"110":{"start":{"line":177,"column":8},"end":{"line":179,"column":9}},"111":{"start":{"line":178,"column":12},"end":{"line":178,"column":85}},"112":{"start":{"line":181,"column":9},"end":{"line":183,"column":5}},"113":{"start":{"line":182,"column":8},"end":{"line":182,"column":45}},"114":{"start":{"line":184,"column":4},"end":{"line":189,"column":5}},"115":{"start":{"line":185,"column":8},"end":{"line":185,"column":70}},"116":{"start":{"line":185,"column":48},"end":{"line":185,"column":66}},"117":{"start":{"line":186,"column":8},"end":{"line":188,"column":9}},"118":{"start":{"line":187,"column":12},"end":{"line":187,"column":43}},"119":{"start":{"line":190,"column":4},"end":{"line":190,"column":16}},"120":{"start":{"line":192,"column":0},"end":{"line":194,"column":2}},"121":{"start":{"line":193,"column":4},"end":{"line":193,"column":50}},"122":{"start":{"line":195,"column":0},"end":{"line":225,"column":2}},"123":{"start":{"line":196,"column":4},"end":{"line":196,"column":21}},"124":{"start":{"line":197,"column":4},"end":{"line":197,"column":52}},"125":{"start":{"line":198,"column":4},"end":{"line":198,"column":23}},"126":{"start":{"line":199,"column":4},"end":{"line":199,"column":26}},"127":{"start":{"line":200,"column":4},"end":{"line":219,"column":7}},"128":{"start":{"line":211,"column":8},"end":{"line":218,"column":9}},"129":{"start":{"line":212,"column":12},"end":{"line":212,"column":24}},"130":{"start":{"line":215,"column":12},"end":{"line":217,"column":15}},"131":{"start":{"line":216,"column":16},"end":{"line":216,"column":36}},"132":{"start":{"line":220,"column":4},"end":{"line":224,"column":5}},"133":{"start":{"line":221,"column":8},"end":{"line":221,"column":24}},"134":{"start":{"line":222,"column":8},"end":{"line":222,"column":26}},"135":{"start":{"line":223,"column":8},"end":{"line":223,"column":22}},"136":{"start":{"line":226,"column":0},"end":{"line":233,"column":2}},"137":{"start":{"line":227,"column":4},"end":{"line":232,"column":5}},"138":{"start":{"line":228,"column":8},"end":{"line":228,"column":39}},"139":{"start":{"line":231,"column":8},"end":{"line":231,"column":23}},"140":{"start":{"line":234,"column":0},"end":{"line":243,"column":2}},"141":{"start":{"line":235,"column":4},"end":{"line":235,"column":21}},"142":{"start":{"line":236,"column":4},"end":{"line":236,"column":17}},"143":{"start":{"line":237,"column":4},"end":{"line":242,"column":7}},"144":{"start":{"line":238,"column":8},"end":{"line":239,"column":33}},"145":{"start":{"line":239,"column":12},"end":{"line":239,"column":33}},"146":{"start":{"line":240,"column":8},"end":{"line":240,"column":40}},"147":{"start":{"line":241,"column":8},"end":{"line":241,"column":23}},"148":{"start":{"line":244,"column":0},"end":{"line":264,"column":2}},"149":{"start":{"line":245,"column":4},"end":{"line":247,"column":5}},"150":{"start":{"line":246,"column":8},"end":{"line":246,"column":30}},"151":{"start":{"line":248,"column":4},"end":{"line":248,"column":21}},"152":{"start":{"line":249,"column":4},"end":{"line":263,"column":7}},"153":{"start":{"line":250,"column":8},"end":{"line":253,"column":9}},"154":{"start":{"line":251,"column":12},"end":{"line":252,"column":86}},"155":{"start":{"line":254,"column":8},"end":{"line":254,"column":41}},"156":{"start":{"line":255,"column":8},"end":{"line":261,"column":9}},"157":{"start":{"line":256,"column":12},"end":{"line":256,"column":107}},"158":{"start":{"line":257,"column":12},"end":{"line":257,"column":34}},"159":{"start":{"line":260,"column":12},"end":{"line":260,"column":31}},"160":{"start":{"line":262,"column":8},"end":{"line":262,"column":23}},"161":{"start":{"line":265,"column":0},"end":{"line":272,"column":2}},"162":{"start":{"line":266,"column":4},"end":{"line":271,"column":18}},"163":{"start":{"line":267,"column":8},"end":{"line":267,"column":59}},"164":{"start":{"line":268,"column":8},"end":{"line":268,"column":60}},"165":{"start":{"line":269,"column":8},"end":{"line":269,"column":80}},"166":{"start":{"line":270,"column":8},"end":{"line":270,"column":63}},"167":{"start":{"line":273,"column":0},"end":{"line":296,"column":2}},"168":{"start":{"line":274,"column":4},"end":{"line":274,"column":21}},"169":{"start":{"line":275,"column":4},"end":{"line":275,"column":72}},"170":{"start":{"line":276,"column":4},"end":{"line":276,"column":37}},"171":{"start":{"line":277,"column":4},"end":{"line":277,"column":37}},"172":{"start":{"line":278,"column":4},"end":{"line":285,"column":7}},"173":{"start":{"line":279,"column":8},"end":{"line":284,"column":9}},"174":{"start":{"line":280,"column":12},"end":{"line":280,"column":76}},"175":{"start":{"line":283,"column":12},"end":{"line":283,"column":27}},"176":{"start":{"line":286,"column":4},"end":{"line":288,"column":7}},"177":{"start":{"line":287,"column":8},"end":{"line":287,"column":33}},"178":{"start":{"line":289,"column":4},"end":{"line":291,"column":7}},"179":{"start":{"line":290,"column":8},"end":{"line":290,"column":53}},"180":{"start":{"line":292,"column":4},"end":{"line":294,"column":7}},"181":{"start":{"line":293,"column":8},"end":{"line":293,"column":53}},"182":{"start":{"line":295,"column":4},"end":{"line":295,"column":16}},"183":{"start":{"line":297,"column":0},"end":{"line":321,"column":2}},"184":{"start":{"line":298,"column":4},"end":{"line":298,"column":21}},"185":{"start":{"line":299,"column":4},"end":{"line":299,"column":63}},"186":{"start":{"line":300,"column":4},"end":{"line":300,"column":47}},"187":{"start":{"line":301,"column":4},"end":{"line":303,"column":5}},"188":{"start":{"line":302,"column":8},"end":{"line":302,"column":81}},"189":{"start":{"line":304,"column":4},"end":{"line":304,"column":42}},"190":{"start":{"line":305,"column":4},"end":{"line":305,"column":51}},"191":{"start":{"line":306,"column":4},"end":{"line":308,"column":5}},"192":{"start":{"line":307,"column":8},"end":{"line":307,"column":54}},"193":{"start":{"line":309,"column":4},"end":{"line":311,"column":5}},"194":{"start":{"line":310,"column":8},"end":{"line":310,"column":54}},"
[...]
th.replace(/\\\\/g, '/');","                return sourcePath;","            });","            file.contents = new Buffer(JSON.stringify(map));","        }","        this.push(file);","        done();","    });","};","Compiler.prototype.fixReferencePath = function () {","    return through.obj(function (file, encoding, done) {","        if (!file.isBuffer() || !/\\.d\\.ts/.test(file.path)) {","            this.push(file);","            return done();","        }","        var newContent = file.contents.toString().replace(/(\\/\\/\\/\\s*<reference\\s*path\\s*=\\s*)([\"'])(.+?)\\2/g, function (entire, prefix, quote, refPath) {","            refPath = path.resolve(path.dirname(file.originalPath), refPath);","            refPath = path.relative(path.dirname(file.path), refPath);","            if (path.sep == '\\\\')","                refPath = refPath.replace(/\\\\/g, '/');","            return prefix + quote + refPath + quote;","        });","        file.contents = new Buffer(newContent);","        this.push(file);","        done();","    });","};","Compiler.prototype.cleanup = function () {","    try {","        rimraf.sync(this.tempDestination);","    }","    catch (e) { }","    try {","        fs.unlinkSync(this.treeKeeperFile);","    }","    catch (e) { }","};","Compiler.running = 0;","Compiler.aborted = false;","Compiler.abortCallbacks = [];","Compiler.abortAll = function (callback) {","    Compiler.aborted = true;","    callback && Compiler.abortCallbacks.push(callback);","    if (Compiler.running == 0) {","        Compiler._allAborted();","    }","};","Compiler.isAborted = function () {","    return Compiler.aborted;","};","Compiler._start = function (compiler) {","    Compiler.running++;","    compiler.once('end', function () {","        Compiler.running--;","        if (Compiler.running == 0 && Compiler.aborted) {","            Compiler._allAborted();","        }","    });","};","Compiler._allAborted = function () {","    var callbacks = Compiler.abortCallbacks;","    Compiler.aborted = false;","    Compiler.abortCallbacks = [];","    callbacks.forEach(function (fn) {","        fn.call(null);","    });","};","module.exports = Compiler;",""],"l":{"2":1,"3":1,"4":1,"5":1,"6":1,"7":1,"8":1,"9":1,"10":1,"11":1,"12":1,"13":1,"14":1,"15":1,"16":0,"17":0,"18":0,"19":0,"57":0,"58":0,"59":0,"63":0,"64":0,"65":0,"67":1,"68":1,"69":0,"70":0,"71":0,"73":0,"74":0,"75":0,"76":0,"77":0,"79":0,"80":0,"83":0,"84":0,"85":0,"86":0,"87":0,"88":0,"90":0,"91":0,"92":0,"93":0,"94":0,"96":0,"97":0,"98":0,"99":0,"100":0,"101":0,"102":0,"103":0,"104":0,"105":0,"106":0,"107":0,"108":0,"109":0,"110":0,"112":0,"113":0,"114":0,"115":0,"116":0,"118":0,"119":0,"121":0,"122":0,"124":0,"125":0,"127":0,"128":0,"130":0,"131":0,"133":0,"134":0,"136":0,"137":0,"139":0,"140":0,"141":0,"143":0,"144":0,"146":0,"147":0,"149":0,"150":0,"152":0,"153":0,"155":0,"156":0,"158":0,"159":0,"161":0,"162":0,"164":0,"165":0,"166":0,"168":0,"169":0,"171":0,"172":0,"173":0,"174":0,"175":0,"177":0,"178":0,"181":0,"182":0,"184":0,"185":0,"186":0,"187":0,"190":0,"192":1,"193":0,"195":1,"196":0,"197":0,"198":0,"199":0,"200":0,"211":0,"212":0,"215":0,"216":0,"220":1,"221":0,"222":0,"223":0,"226":1,"227":0,"228":0,"231":0,"234":1,"235":0,"236":0,"237":0,"238":0,"239":0,"240":0,"241":0,"244":1,"245":0,"246":0,"248":0,"249":0,"250":0,"251":0,"254":0,"255":0,"256":0,"257":0,"260":0,"262":0,"265":1,"266":0,"267":0,"268":0,"269":0,"270":0,"273":1,"274":0,"275":0,"276":0,"277":0,"278":0,"279":0,"280":0,"283":0,"286":0,"287":0,"289":0,"290":0,"292":0,"293":0,"295":0,"297":1,"298":0,"299":0,"300":0,"301":0,"302":0,"304":0,"305":0,"306":0,"307":0,"309":0,"310":0,"312":0,"313":0,"315":0,"316":0,"318":0,"319":0,"322":1,"323":0,"324":0,"325":0,"326":0,"329":0,"331":0,"332":0,"333":0,"334":0,"335":0,"336":0,"337":0,"340":0,"343":0,"344":0,"345":0,"348":1,"349":0,"350":0,"351":0,"352":0,"353":0,"354":0,"355":0,"357":0,"358":0,"360":0,"361":0,"362":0,"364":0,"365":0,"368":0,"371":0,"372":0,"373":0,"374":0,"375":0,"376":0,"377":0,"381":0,"384":0,"387":1,"388":0,"389":0,"390":0,"391":0,"393":0,"394":0,"395":0,"396":0,"397":0,"398":0,"399":0,"400":0,"402":0,"404":0,"405":0,"408":1,"409":0,"410":0,"411":0,"412":0,"414":0,"415":0,"416":0,"417":0,"418":0,"419":0,"421":0,"422":0,"423":0,"426":1,"427":0,"428":0,"431":0,"432":0,"436":1,"437":1,"438":1,"439":1,"440":0,"441":0,"442":0,"443":0,"446":1,"447":0,"449":1,"450":0,"451":0,"452":0,"453":0,"454":0,"458":1,"459":0,"460":0,"461":0,"462":0,"463":0,"466":1}},"/home/travis/build/npmtest/node-npmtest-gulp-tsc/node_modules/gulp-tsc/lib/tsc.js":{"path":"/home/travis/build/npmtest/node-npmtest-gulp-tsc/node_modules/gulp-tsc/lib/tsc.js","s":{"1":1,"2":1,"3":1,"4":1,"5":1,"6":1,"7":1,"8":0,"9":0,"10":0,"11":0,"12":0,"13":0,"14":0,"15":0,"16":0,"17":0,"18":0,"19":0,"20":0,"21":0,"22":0,"23":0,"24":0,"25":1,"26":1,"27":0,"28":0,"29":0,"30":0,"31":0,"32":0,"33":0,"34":0,"35":0,"36":1,"37":1,"38":0,"39":0,"40":0,"41":0,"42":0,"43":0,"44":0,"45":0,"46":1,"47":1,"48":0,"49":0,"50":0,"51":0,"52":0,"53":0,"54":0,"55":0,"56":0,"57":1,"58":1,"59":0,"60":0,"61":0,"62":0,"63":0,"64":0,"65":0,"66":0,"67":0,"68":0,"69":0},"b":{"1":[0,0],"2":[0,0],"3":[0,0],"4":[0,0],"5":[0,0],"6":[0,0],"7":[0,0],"8":[0,0],"9":[0,0],"10":[0,0],"11":[0,0],"12":[0,0],"13":[0,0],"14":[0,0],"15":[0,0],"16":[0,0],"17":[0,0],"18":[0,0],"19":[0,0],"20":[0,0]},"f":{"1":0,"2":0,"3":0,"4":0,"5":0,"6":0,"7":0,"8":0,"9":0},"fnMap":{"1":{"name":"exec","line":9,"loc":{"start":{"line":9,"column":0},"end":{"line":9,"column":39}}},"2":{"name":"versionParser","line":36,"loc":{"start":{"line":36,"column":0},"end":{"line":36,"column":33}}},"3":{"name":"(anonymous_3)","line":37,"loc":{"start":{"line":37,"column":11},"end":{"line":37,"column":37}}},"4":{"name":"version","line":51,"loc":{"start":{"line":51,"column":0},"end":{"line":51,"column":36}}},"5":{"name":"(anonymous_5)","line":56,"loc":{"start":{"line":56,"column":31},"end":{"line":56,"column":62}}},"6":{"name":"find","line":65,"loc":{"start":{"line":65,"column":0},"end":{"line":65,"column":22}}},"7":{"name":"(anonymous_7)","line":81,"loc":{"start":{"line":81,"column":9},"end":{"line":81,"column":21}}},"8":{"name":"(anonymous_8)","line":91,"loc":{"start":{"line":91,"column":11},"end":{"line":91,"column":23}}},"9":{"name":"(anonymous_9)","line":99,"loc":{"start":{"line":99,"column":12},"end":{"line":99,"column":24}}}},"statementMap":{"1":{"start":{"line":3,"column":0},"end":{"line":3,"column":27}},"2":{"start":{"line":4,"column":0},"end":{"line":4,"column":23}},"3":{"start":{"line":5,"column":0},"end":{"line":5,"column":45}},"4":{"start":{"line":6,"column":0},"end":{"line":6,"column":33}},"5":{"start":{"line":7,"column":0},"end":{"line":7,"column":29}},"6":{"start":{"line":8,"column":0},"end":{"line":8,"column":45}},"7":{"start":{"line":9,"column":0},"end":{"line":34,"column":1}},"8":{"start":{"line":10,"column":4},"end":{"line":13,"column":5}},"9":{"start":{"line":11,"column":8},"end":{"line":11,"column":27}},"10":{"start":{"line":12,"column":8},"end":{"line":12,"column":21}},"11":{"start":{"line":14,"column":4},"end":{"line":17,"column":5}},"12":{"start":{"line":15,"column":8},"end":{"line":15,"column":24}},"13":{"start":{"line":16,"column":8},"end":{"line":16,"column":20}},"14":{"start":{"line":18,"column":4},"end":{"line":18,"column":28}},"15":{"start":{"line":19,"column":4},"end":{"line":19,"column":31}},"16":{"start":{"line":20,"column":4},"end":{"line":27,"column":5}},"17":{"start":{"line":21,"column":8},"end":{"line":26,"column":9}},"18":{"start":{"line":22,"column":12},"end":{"line":22,"column":43}},"19":{"start":{"line":25,"column":12},"end":{"line":25,"column":43}},"20":{"start":{"line":28,"column":4},"end":{"line":28,"column":46}},"21":{"start":{"line":29,"column":4},"end":{"line":29,"column":91}},"22":{"start":{"line":30,"column":4},"end":{"line":32,"column":5}},"23":{"start":{"line":31,"column":8},"end":{"line":31,"column":88}},"24":{"start":{"line":33,"column":4},"end":{"line":33,"column":58}},"25":{"start":{"line":35,"column":0},"end":{"line":35,"column":20}},"26":{"start":{"line":36,"column":0},"end":{"line":49,"column":1}},"27":{"start":{"line":37,"column":4},"end":{"line":48,"column":6}},"28":{"start":{"line":38,"column":8},"end":{"line":41,"column":9}},"29":{"start":{"line":39,"column":12},"end":{"line":39,"column":33}},"30":{"start":{"line":40,"column":12},"end":{"line":40,"column":19}},"31":{"start":{"line":42,"column":8},"end":{"line":42,"column":86}},"32":{"start":{"line":43,"column":8},"end":{"line":46,"column":9}},"33":{"start":{"line":44,"column":12},"end":{"line":44,"column":44}},"34":{"start":{"line":45,"column":12},"end":{"line":45,"column":19}},"35":{"start":{"line":47,"column":8},"end":{"line":47,"column":29}},"36":{"start":{"line":50,"column":0},"end":{"line":50,"column":38}},"37":{"start":{"line":51,"column":0},"end":{"line":63,"column":1}},"38":{"start":{"line":52,"column":4},"end":{"line":55,"column":5}},"39":{"start":{"line":53,"column":8},"end":{"line":53,"column":27}},"40":{"start":{"line":54,"column":8},"end":{"line":54,"column":21}},"41":{"start":{"line":56,"column":4},"end":{"line":62,"column":7}},"42":{"start":{"line":57,"column":8},"end":{"line":59,"column":9}},"43":{"start":{"line":58,"column":12},"end":{"line":58,"column":39}},"44":{"start":{"line":60,"column":8},"end":{"line":60,"column":45}},"45":{"start":{"line":61,"column":8},"end":{"line":61,"column":31}},"46":{"start":{"line":64,"column":0},"end":{"line":64,"column":26}},"47":{"start":{"line":65,"column":0},"end":{"line":78,"column":1}},"48":{"start":{"line":66,"column":4},"end":{"line":66,"column":50}},"49":{"start":{"line":67,"column":4},"end":{"line":76,"column":5}},"50":{"start":{"line":68,"column":8},"end":{"line":68,"column":44}},"51":{"start":{"line":69,"column":8},"end":{"line":71,"column":9}},"52":{"start":{"line":70,"column":12},"end":{"line":70,"column":66}},"53":{"start":{"line":72,"column":8},"end":{"line":72,"column":25}},"54":{"start":{"line":73,"column":8},"end":{"line":75,"column":9}},"55":{"start":{"line":74,"column":12},"end":{"line":74,"column":25}},"56":{"start":{"line":77,"column":4},"end":{"line":77,"column":51}},"57":{"start":{"line":79,"column":0},"end":{"line":79,"column":20}},"58":{"start":{"line":80,"column":0},"end":{"line":107,"column":2}},"59":{"start":{"line":82,"column":8},"end":{"line":89,"column":9}},"60":{"start":{"line":83,"column":12},"end":{"line":83,"column":79}},"61":{"start":{"line":84,"column":12},"end":{"line":84,"column":67}},"62":{"start":{"line":85,"column":12},"end":{"line":85,"column":59}},"63":{"start":{"line":88,"column":12},"end":{"line":88,"column":24}},"64":{"start":{"line":92,"column":8},"end":{"line":97,"column":9}},"65":{"start":{"line":93,"column":12},"end":{"line":93,"column":37}},"66":{"start":{"line":96,"column":12},"end":{"line":96,"column":24}},"67":{"start":{"line":100,"column":8},"end":{"line":105,"column":9}},"68":{"start":{"line":101,"column":12},"end":{"line":101,"column":73}},"69":{"start":{"line":104,"column":12},"end":{"line":104,"column":24}}},"branchMap":{"1":{"line":10,"type":"if","locations":[{"start":{"line":10,"column":4},"end":{"line":10,"column":4}},{"start":{"line":10,"column":4},"end":{"line":10,"column":4}}]},"2":{"line":10,"type":"binary-expr","locations":[{"start":{"line":10,"column":8},"end":{"line":10,"column":17}},{"start":{"line":10,"column":21},"end":{"line":10,"column":50}}]},"3":{"line":14,"type":"if","locations":[{"start":{"line":14,"column":4},"end":{"line":14,"column":4}},{"start":{"line":14,"column":4},"end":{"line":14,"column":4}}]},"4":{"line":14,"type":"binary-expr","locations":[{"start":{"line":14,"column":8},"end":{"line":14,"column":16}},{"start":{"line":14,"column":20},"end":{"line":14,"column":46}}]},"5":{"line":18,"type":"binary-expr","locations":[{"start":{"line":18,"column":14},"end":{"line":18,"column":21}},{"start":{"line":18,"column":25},"end":{"line":18,"column":27}}]},"6":{"line":20,"type":"if","locations":[{"start":{"line":20,"column":4},"end":{"line":20,"column":4}},{"start":{"line":20,"column":4},"end":{"line":20,"column":4}}]},"7":{"line":25,"type":"binary-expr","locations":[{"start":{"line":25,"column":19},"end":{"line":25,"column":27}},{"start":{"line":25,"column":31},"end":{"line":25,"column":42}}]},"8":{"line":29,"type":"cond-expr","locations":[{"start":{"line":29,"column":50},"end":{"line":29,"column":59}},{"start":{"line":29,"column":62},"end":{"line":29,"column":89}}]},"9":{"line":30,"type":"if","locations":[{"start":{"line":30,"column":4},"end":{"line":30,"column":4}},{"start":{"line":30,"column":4},"end":{"line":30,"column":4}}]},"10":{"line":30,"type":"binary-expr","locations":[{"start":{"line":30,"column":8},"end":{"line":30,"column":12}},{"start":{"line":30,"column":16},"end":{"line":30,"column":31}}]},"11":{"line":31,"type":"cond-expr","locations":[{"start":{"line":31,"column":48},"end":{"line":31,"column":79}},{"start":{"line":31,"column":82},"end":{"line":31,"column":86}}]},"12":{"line":38,"type":"if","locations":[{"start":{"line":38,"column":8},"end":{"line":38,"column":8}},{"start":{"line":38,"column":8},"end":{"line":38,"column":8}}]},"13":{"line":43,"type":"if","locations":[{"start":{"line":43,"column":8},"end":{"line":43,"column":8}},{"start":{"line":43,"column":8},"end":{"line":43,"column":8}}]},"14":{"line":52,"type":"if","locations":[{"start":{"line":52,"column":4},"end":{"line":52,"column":4}},{"start":{"line":52,"column":4},"end":{"line":52,"column":4}}]},"15":{"line":52,"type":"binary-expr","locations":[{"start":{"line":52,"column":8},"end":{"line":52,"column":17}},{"start":{"line":52,"column":21},"end":{"line":52,"column":50}}]},"16":{"line":57,"type":"if","locations":[{"start":{"line":57,"column":8},"end":{"line":57,"column":8}},{"start":{"line":57,"column":8},"end":{"line":57,"column":8}}]},"17":{"line":66,"type":"binary-expr","locations":[{"start":{"line":66,"column":13},"end":{"line":66,"column":19}},{"start":{"line":66,"column":23},"end":{"line":66,"column":49}}]},"18":{"line":69,"type":"if","locations":[{"start":{"line":69,"column":8},"end":{"line":69,"column":8}},{"start":{"line":69,"column":8},"end":{"line":69,"column":8}}]},"19":{"line":73,"type":"if","locations":[{"start":{"line":73,"column":8},"end":{"line":73,"column":8}},{"start":{"line":73,"column":8},"end":{"line":73,"column":8}}]},"20":{"line":85,"type":"cond-expr","locations":[{"start":{"line":85,"column":44},"end":{"line":85,"column":51}},{"start":{"line":85,"column":54},"end":{"line":85,"column":58}}]}},"code":["/// <reference path=\"../typings/node/node.d.ts\"/>","'use strict';","var path = require('path');","var fs = require('fs');","var child_process = require('child_process');","var resolve = require('resolve');","var which = require('which');","var shellescape_1 = require(\"./shellescape\");","function exec(args, options, callback) {","    if (!callback && typeof options === 'function') {","        callback = options;","        options = {};","    }","    if (!options && typeof args === 'function') {","        callback = args;","        args = null;","    }","    options = options || {};","    var tscPath = options.path;","    if (!tscPath) {","        try {","            tscPath = find(options.search);","        }","        catch (e) {","            return callback && callback(e);","        }","    }","    var exe = /(\\.exe|\\.cmd)$/i.test(tscPath);","    var command = shellescape_1.shellescape(exe ? [tscPath] : [process.execPath, tscPath]);","    if (args && args.length > 0) {","        command += ' ' + (Array.isArray(args) ? shellescape_1.shellescape(args) : args);","    }","    return child_process.exec(command, options, callback);","}","exports.exec = exec;","function versionParser(callback) {","    return function (stdout, stderr) {","        if (!stdout) {","            callback(null, null);","            return;","        }","        var versionMatch = stdout.match(/Version (\\d+\\.\\d+\\.\\d+((\\.\\d+)|(-alpha))?)/);","        if (versionMatch.length > 1) {","            callback(null, versionMatch[1]);","            return;","        }","        callback(null, null);","    };","}","exports.versionParser = versionParser;","function version(options, callback) {","    if (!callback && typeof options === 'function') {","        callback = options;","        options = {};","    }","    return exec('-v', options, function (err, stdout, stderr) {","        if (err) {","            return callback(err, null);","        }","        var parser = versionParser(callback);","        parser(stdout, stderr);","    });","}","exports.version = version;","function find(places) {","    places = places || ['cwd', 'bundle', 'shell'];","    for (var i = 0; i < places.length; i++) {","        var fn = searchFunctions[places[i]];","        if (!fn) {","            throw new Error('Unknown search place: ' + places[i]);","        }","        var found = fn();","        if (found) {","            return found;","        }","    }","    throw new Error('Can\\'t locate `tsc` command');","}","exports.find = find;","var searchFunctions = {","    cwd: function () {","        try {","            var tpath = resolve.sync('typescript', { basedir: process.cwd() });","            var tscPath = path.resolve(path.dirname(tpath), 'tsc');","            return fs.existsSync(tscPath) ? tscPath : null;","        }","        catch (e) {","            return null;","        }","    },","    shell: function () {","        try {","            return which.sync('tsc');","        }","        catch (e) {","            return null;","        }","    },","    bundle: function () {","        try {","            return path.resolve(require.resolve('typescript'), '../tsc');","        }","        catch (e) {","            return null;","        }","    }","};",""],"l":{"3":1,"4":1,"5":1,"6":1,"7":1,"8":1,"9":1,"10":0,"11":0,"12":0,"14":0,"15":0,"16":0,"18":0,"19":0,"20":0,"21":0,"22":0,"25":0,"28":0,"29":0,"30":0,"31":0,"33":0,"35":1,"36":1,"37":0,"38":0,"39":0,"40":0,"42":0,"43":0,"44":0,"45":0,"47":0,"50":1,"51":1,"52":0,"53":0,"54":0,"56":0,"57":0,"58":0,"60":0,"61":0,"64":1,"65":1,"66":0,"67":0,"68":0,"69":0,"70":0,"72":0,"73":0,"74":0,"77":0,"79":1,"80":1,"82":0,"83":0,"84":0,"85":0,"88":0,"92":0,"93":0,"96":0,"100":0,"101":0,"104":0}},"/home/travis/build/npmtest/node-npmtest-gulp-tsc/node_modules/gulp-tsc/lib/shellescape.js":{"path":"/home/travis/build/npmtest/node-npmtest-gulp-tsc/node_modules/gulp-tsc/lib/shellescape.js","s":{"1":1,"2":0,"3":0,"4":0,"5":0,"6":0,"7":1},"b":{"1":[0,0],"2":[0,0]},"f":{"1":0},"fnMap":{"1":{"name":"shellescape","line":2,"loc":{"start":{"line":2,"column":0},"end":{"line":2,"column":26}}}},"statementMap":{"1":{"start":{"line":2,"column":0},"end":{"line":14,"column":1}},"2":{"start":{"line":3,"column":4},"end":{"line":13,"column":5}},"3":{"start":{"line":4,"column":8},"end":{"line":4,"column":46}},"4":{"start":{"line":7,"column":8},"end":{"line":12,"column":9}},"5":{"start":{"line":8,"column":12},"end":{"line":8,"column":65}},"6":{"start":{"line":11,"column":12},"end":{"line":11,"column":35}},"7":{"start":{"line":15,"column":0},"end":{"line":15,"column":34}}},"branchMap":{"1":{"line":3,"type":"if","locations":[{"start":{"line":3,"column":4},"end":{"line":3,"column":4}},{"start":{"line":3,"column":4},"end":{"line":3,"column":4}}]},"2":{"line":7,"type":"if","locations":[{"start":{"line":7,"column":8},"end":{"line":7,"column":8}},{"start":{"line":7,"column":8},"end":{"line":7,"column":8}}]}},"code":["'use strict';","function shellescape(arg) {","    if (Array.isArray(arg)) {","        return arg.map(shellescape).join(\" \");","    }","    else {","        if (/[\"'` \\\\$]/.test(arg)) {","            return '\"' + arg.replace(/([\"`\\\\$])/g, '\\\\$1') + '\"';","        }","        else {","            return '\"' + arg + '\"';","        }","    }","}","exports.shellescape = shellescape;",""],"l":{"2":1,"3":0,"4":0,"7":0,"8":0,"11":0,"15":1}}}